1300
0
	First0 Last0
	1900
	90000
	
1
	First1 Last1
	1901
	90101
	2 3 4 5 6 7 8 9 10 11 12 13 14 15 16 17 18 19 20 21 22 23 24 25 26 27 28 29 30 31 32 33 34 35 36 37 38 39 40 41 42 43 44 45 46 47 48 49 50 51 52 53 54 55 56 57 58 59 60 61 62 63 64 65 66 67 68 69 70 71 72 73 74 75 76 77 78 79 80 81 82 83 84 85 86 87 88 89 90 91 92 93 94 95 96 97 98 99 
2
	First2 Last2
	1902
	90202
	1 4 6 8 10 12 14 16 18 20 22 24 26 28 30 32 34 36 38 40 42 44 46 48 50 52 54 56 58 60 62 64 66 68 70 72 74 76 78 80 82 84 86 88 90 92 94 96 98 
3
	First3 Last3
	1903
	90303
	1 6 9 12 15 18 21 24 27 30 33 36 39 42 45 48 51 54 57 60 63 66 69 72 75 78 81 84 87 90 93 96 99 
4
	First4 Last4
	1904
	90404
	1 2 8 12 16 20 24 28 32 36 40 44 48 52 56 60 64 68 72 76 80 84 88 92 96 
5
	First5 Last5
	1905
	90505
	1 10 15 20 25 30 35 40 45 50 55 60 65 70 75 80 85 90 95 
6
	First6 Last6
	1906
	90606
	1 2 3 12 18 24 30 36 42 48 54 60 66 72 78 84 90 96 
7
	First7 Last7
	1907
	90707
	1 14 21 28 35 42 49 56 63 70 77 84 91 98 
8
	First8 Last8
	1908
	90808
	1 2 4 16 24 32 40 48 56 64 72 80 88 96 
9
	First9 Last9
	1909
	90909
	1 3 18 27 36 45 54 63 72 81 90 99 
10
	First10 Last10
	1910
	91010
	1 2 5 20 30 40 50 60 70 80 90 
11
	First11 Last11
	1911
	91111
	1 22 33 44 55 66 77 88 99 
12
	First12 Last12
	1912
	91212
	1 2 3 4 6 24 36 48 60 72 84 96 
13
	First13 Last13
	1913
	91313
	1 26 39 52 65 78 91 
14
	First14 Last14
	1914
	91414
	1 2 7 28 42 56 70 84 98 
15
	First15 Last15
	1915
	91515
	1 3 5 30 45 60 75 90 
16
	First16 Last16
	1916
	91616
	1 2 4 8 32 48 64 80 96 
17
	First17 Last17
	1917
	91717
	1 34 51 68 85 
18
	First18 Last18
	1918
	91818
	1 2 3 6 9 36 54 72 90 
19
	First19 Last19
	1919
	91919
	1 38 57 76 95 
20
	First20 Last20
	1920
	92020
	1 2 4 5 10 40 60 80 
21
	First21 Last21
	1921
	92121
	1 3 7 42 63 84 
22
	First22 Last22
	1922
	92222
	1 2 11 44 66 88 
23
	First23 Last23
	1923
	92323
	1 46 69 92 
24
	First24 Last24
	1924
	92424
	1 2 3 4 6 8 12 48 72 96 
25
	First25 Last25
	1925
	92525
	1 5 50 75 
26
	First26 Last26
	1926
	92626
	1 2 13 52 78 
27
	First27 Last27
	1927
	92727
	1 3 9 54 81 
28
	First28 Last28
	1928
	92828
	1 2 4 7 14 56 84 
29
	First29 Last29
	1929
	92929
	1 58 87 
30
	First30 Last30
	1930
	93030
	1 2 3 5 6 10 15 60 90 
31
	First31 Last31
	1931
	93131
	1 62 93 
32
	First32 Last32
	1932
	93232
	1 2 4 8 16 64 96 
33
	First33 Last33
	1933
	93333
	1 3 11 66 99 
34
	First34 Last34
	1934
	93434
	1 2 17 68 
35
	First35 Last35
	1935
	93535
	1 5 7 70 
36
	First36 Last36
	1936
	93636
	1 2 3 4 6 9 12 18 72 
37
	First37 Last37
	1937
	93737
	1 74 
38
	First38 Last38
	1938
	93838
	1 2 19 76 
39
	First39 Last39
	1939
	93939
	1 3 13 78 
40
	First40 Last40
	1940
	94040
	1 2 4 5 8 10 20 80 
41
	First41 Last41
	1941
	94141
	1 82 
42
	First42 Last42
	1942
	94242
	1 2 3 6 7 14 21 84 
43
	First43 Last43
	1943
	94343
	1 86 
44
	First44 Last44
	1944
	94444
	1 2 4 11 22 88 
45
	First45 Last45
	1945
	94545
	1 3 5 9 15 90 
46
	First46 Last46
	1946
	94646
	1 2 23 92 
47
	First47 Last47
	1947
	94747
	1 94 
48
	First48 Last48
	1948
	94848
	1 2 3 4 6 8 12 16 24 96 
49
	First49 Last49
	1949
	94949
	1 7 98 
50
	First50 Last50
	1950
	95050
	1 2 5 10 25 
51
	First51 Last51
	1951
	95151
	1 3 17 
52
	First52 Last52
	1952
	95252
	1 2 4 13 26 
53
	First53 Last53
	1953
	95353
	1 
54
	First54 Last54
	1954
	95454
	1 2 3 6 9 18 27 
55
	First55 Last55
	1955
	95555
	1 5 11 
56
	First56 Last56
	1956
	95656
	1 2 4 7 8 14 28 
57
	First57 Last57
	1957
	95757
	1 3 19 
58
	First58 Last58
	1958
	95858
	1 2 29 
59
	First59 Last59
	1959
	95959
	1 
60
	First60 Last60
	1960
	96060
	1 2 3 4 5 6 10 12 15 20 30 
61
	First61 Last61
	1961
	96161
	1 
62
	First62 Last62
	1962
	96262
	1 2 31 
63
	First63 Last63
	1963
	96363
	1 3 7 9 21 
64
	First64 Last64
	1964
	96464
	1 2 4 8 16 32 
65
	First65 Last65
	1965
	96565
	1 5 13 
66
	First66 Last66
	1966
	96666
	1 2 3 6 11 22 33 
67
	First67 Last67
	1967
	96767
	1 
68
	First68 Last68
	1968
	96868
	1 2 4 17 34 
69
	First69 Last69
	1969
	96969
	1 3 23 
70
	First70 Last70
	1970
	97070
	1 2 5 7 10 14 35 
71
	First71 Last71
	1971
	97171
	1 
72
	First72 Last72
	1972
	97272
	1 2 3 4 6 8 9 12 18 24 36 
73
	First73 Last73
	1973
	97373
	1 
74
	First74 Last74
	1974
	97474
	1 2 37 
75
	First75 Last75
	1975
	97575
	1 3 5 15 25 
76
	First76 Last76
	1976
	97676
	1 2 4 19 38 
77
	First77 Last77
	1977
	97777
	1 7 11 
78
	First78 Last78
	1978
	97878
	1 2 3 6 13 26 39 
79
	First79 Last79
	1979
	97979
	1 
80
	First80 Last80
	1980
	98080
	1 2 4 5 8 10 16 20 40 
81
	First81 Last81
	1981
	98181
	1 3 9 27 
82
	First82 Last82
	1982
	98282
	1 2 41 
83
	First83 Last83
	1983
	98383
	1 
84
	First84 Last84
	1984
	98484
	1 2 3 4 6 7 12 14 21 28 42 
85
	First85 Last85
	1985
	98585
	1 5 17 
86
	First86 Last86
	1986
	98686
	1 2 43 
87
	First87 Last87
	1987
	98787
	1 3 29 
88
	First88 Last88
	1988
	98888
	1 2 4 8 11 22 44 
89
	First89 Last89
	1989
	98989
	1 
90
	First90 Last90
	1990
	99090
	1 2 3 5 6 9 10 15 18 30 45 
91
	First91 Last91
	1991
	99191
	1 7 13 
92
	First92 Last92
	1992
	99292
	1 2 4 23 46 
93
	First93 Last93
	1993
	99393
	1 3 31 
94
	First94 Last94
	1994
	99494
	1 2 47 
95
	First95 Last95
	1995
	99595
	1 5 19 
96
	First96 Last96
	1996
	99696
	1 2 3 4 6 8 12 16 24 32 48 
97
	First97 Last97
	1997
	99797
	1 
98
	First98 Last98
	1998
	99898
	1 2 7 14 49 
99
	First99 Last99
	1999
	99999
	1 3 9 11 33 
100
	First0 Last0
	1900
	90000
	
101
	First1 Last1
	1901
	90101
	102 103 104 105 106 107 108 109 110 111 112 113 114 115 116 117 118 119 120 121 122 123 124 125 126 127 128 129 130 131 132 133 134 135 136 137 138 139 140 141 142 143 144 145 146 147 148 149 150 151 152 153 154 155 156 157 158 159 160 161 162 163 164 165 166 167 168 169 170 171 172 173 174 175 176 177 178 179 180 181 182 183 184 185 186 187 188 189 190 191 192 193 194 195 196 197 198 199 
102
	First2 Last2
	1902
	90202
	101 104 106 108 110 112 114 116 118 120 122 124 126 128 130 132 134 136 138 140 142 144 146 148 150 152 154 156 158 160 162 164 166 168 170 172 174 176 178 180 182 184 186 188 190 192 194 196 198 
103
	First3 Last3
	1903
	90303
	101 106 109 112 115 118 121 124 127 130 133 136 139 142 145 148 151 154 157 160 163 166 169 172 175 178 181 184 187 190 193 196 199 
104
	First4 Last4
	1904
	90404
	101 102 108 112 116 120 124 128 132 136 140 144 148 152 156 160 164 168 172 176 180 184 188 192 196 
105
	First5 Last5
	1905
	90505
	101 110 115 120 125 130 135 140 145 150 155 160 165 170 175 180 185 190 195 
106
	First6 Last6
	1906
	90606
	101 102 103 112 118 124 130 136 142 148 154 160 166 172 178 184 190 196 
107
	First7 Last7
	1907
	90707
	101 114 121 128 135 142 149 156 163 170 177 184 191 198 
108
	First8 Last8
	1908
	90808
	101 102 104 116 124 132 140 148 156 164 172 180 188 196 
109
	First9 Last9
	1909
	90909
	101 103 118 127 136 145 154 163 172 181 190 199 
110
	First10 Last10
	1910
	91010
	101 102 105 120 130 140 150 160 170 180 190 
111
	First11 Last11
	1911
	91111
	101 122 133 144 155 166 177 188 199 
112
	First12 Last12
	1912
	91212
	101 102 103 104 106 124 136 148 160 172 184 196 
113
	First13 Last13
	1913
	91313
	101 126 139 152 165 178 191 
114
	First14 Last14
	1914
	91414
	101 102 107 128 142 156 170 184 198 
115
	First15 Last15
	1915
	91515
	101 103 105 130 145 160 175 190 
116
	First16 Last16
	1916
	91616
	101 102 104 108 132 148 164 180 196 
117
	First17 Last17
	1917
	91717
	101 134 151 168 185 
118
	First18 Last18
	1918
	91818
	101 102 103 106 109 136 154 172 190 
119
	First19 Last19
	1919
	91919
	101 138 157 176 195 
120
	First20 Last20
	1920
	92020
	101 102 104 105 110 140 160 180 
121
	First21 Last21
	1921
	92121
	101 103 107 142 163 184 
122
	First22 Last22
	1922
	92222
	101 102 111 144 166 188 
123
	First23 Last23
	1923
	92323
	101 146 169 192 
124
	First24 Last24
	1924
	92424
	101 102 103 104 106 108 112 148 172 196 
125
	First25 Last25
	1925
	92525
	101 105 150 175 
126
	First26 Last26
	1926
	92626
	101 102 113 152 178 
127
	First27 Last27
	1927
	92727
	101 103 109 154 181 
128
	First28 Last28
	1928
	92828
	101 102 104 107 114 156 184 
129
	First29 Last29
	1929
	92929
	101 158 187 
130
	First30 Last30
	1930
	93030
	101 102 103 105 106 110 115 160 190 
131
	First31 Last31
	1931
	93131
	101 162 193 
132
	First32 Last32
	1932
	93232
	101 102 104 108 116 164 196 
133
	First33 Last33
	1933
	93333
	101 103 111 166 199 
134
	First34 Last34
	1934
	93434
	101 102 117 168 
135
	First35 Last35
	1935
	93535
	101 105 107 170 
136
	First36 Last36
	1936
	93636
	101 102 103 104 106 109 112 118 172 
137
	First37 Last37
	1937
	93737
	101 174 
138
	First38 Last38
	1938
	93838
	101 102 119 176 
139
	First39 Last39
	1939
	93939
	101 103 113 178 
140
	First40 Last40
	1940
	94040
	101 102 104 105 108 110 120 180 
141
	First41 Last41
	1941
	94141
	101 182 
142
	First42 Last42
	1942
	94242
	101 102 103 106 107 114 121 184 
143
	First43 Last43
	1943
	94343
	101 186 
144
	First44 Last44
	1944
	94444
	101 102 104 111 122 188 
145
	First45 Last45
	1945
	94545
	101 103 105 109 115 190 
146
	First46 Last46
	1946
	94646
	101 102 123 192 
147
	First47 Last47
	1947
	94747
	101 194 
148
	First48 Last48
	1948
	94848
	101 102 103 104 106 108 112 116 124 196 
149
	First49 Last49
	1949
	94949
	101 107 198 
150
	First50 Last50
	1950
	95050
	101 102 105 110 125 
151
	First51 Last51
	1951
	95151
	101 103 117 
152
	First52 Last52
	1952
	95252
	101 102 104 113 126 
153
	First53 Last53
	1953
	95353
	101 
154
	First54 Last54
	1954
	95454
	101 102 103 106 109 118 127 
155
	First55 Last55
	1955
	95555
	101 105 111 
156
	First56 Last56
	1956
	95656
	101 102 104 107 108 114 128 
157
	First57 Last57
	1957
	95757
	101 103 119 
158
	First58 Last58
	1958
	95858
	101 102 129 
159
	First59 Last59
	1959
	95959
	101 
160
	First60 Last60
	1960
	96060
	101 102 103 104 105 106 110 112 115 120 130 
161
	First61 Last61
	1961
	96161
	101 
162
	First62 Last62
	1962
	96262
	101 102 131 
163
	First63 Last63
	1963
	96363
	101 103 107 109 121 
164
	First64 Last64
	1964
	96464
	101 102 104 108 116 132 
165
	First65 Last65
	1965
	96565
	101 105 113 
166
	First66 Last66
	1966
	96666
	101 102 103 106 111 122 133 
167
	First67 Last67
	1967
	96767
	101 
168
	First68 Last68
	1968
	96868
	101 102 104 117 134 
169
	First69 Last69
	1969
	96969
	101 103 123 
170
	First70 Last70
	1970
	97070
	101 102 105 107 110 114 135 
171
	First71 Last71
	1971
	97171
	101 
172
	First72 Last72
	1972
	97272
	101 102 103 104 106 108 109 112 118 124 136 
173
	First73 Last73
	1973
	97373
	101 
174
	First74 Last74
	1974
	97474
	101 102 137 
175
	First75 Last75
	1975
	97575
	101 103 105 115 125 
176
	First76 Last76
	1976
	97676
	101 102 104 119 138 
177
	First77 Last77
	1977
	97777
	101 107 111 
178
	First78 Last78
	1978
	97878
	101 102 103 106 113 126 139 
179
	First79 Last79
	1979
	97979
	101 
180
	First80 Last80
	1980
	98080
	101 102 104 105 108 110 116 120 140 
181
	First81 Last81
	1981
	98181
	101 103 109 127 
182
	First82 Last82
	1982
	98282
	101 102 141 
183
	First83 Last83
	1983
	98383
	101 
184
	First84 Last84
	1984
	98484
	101 102 103 104 106 107 112 114 121 128 142 
185
	First85 Last85
	1985
	98585
	101 105 117 
186
	First86 Last86
	1986
	98686
	101 102 143 
187
	First87 Last87
	1987
	98787
	101 103 129 
188
	First88 Last88
	1988
	98888
	101 102 104 108 111 122 144 
189
	First89 Last89
	1989
	98989
	101 
190
	First90 Last90
	1990
	99090
	101 102 103 105 106 109 110 115 118 130 145 
191
	First91 Last91
	1991
	99191
	101 107 113 
192
	First92 Last92
	1992
	99292
	101 102 104 123 146 
193
	First93 Last93
	1993
	99393
	101 103 131 
194
	First94 Last94
	1994
	99494
	101 102 147 
195
	First95 Last95
	1995
	99595
	101 105 119 
196
	First96 Last96
	1996
	99696
	101 102 103 104 106 108 112 116 124 132 148 
197
	First97 Last97
	1997
	99797
	101 
198
	First98 Last98
	1998
	99898
	101 102 107 114 149 
199
	First99 Last99
	1999
	99999
	101 103 109 111 133 
200
	First0 Last0
	1900
	90000
	
201
	First1 Last1
	1901
	90101
	202 203 204 205 206 207 208 209 210 211 212 213 214 215 216 217 218 219 220 221 222 223 224 225 226 227 228 229 230 231 232 233 234 235 236 237 238 239 240 241 242 243 244 245 246 247 248 249 250 251 252 253 254 255 256 257 258 259 260 261 262 263 264 265 266 267 268 269 270 271 272 273 274 275 276 277 278 279 280 281 282 283 284 285 286 287 288 289 290 291 292 293 294 295 296 297 298 299 
202
	First2 Last2
	1902
	90202
	201 204 206 208 210 212 214 216 218 220 222 224 226 228 230 232 234 236 238 240 242 244 246 248 250 252 254 256 258 260 262 264 266 268 270 272 274 276 278 280 282 284 286 288 290 292 294 296 298 
203
	First3 Last3
	1903
	90303
	201 206 209 212 215 218 221 224 227 230 233 236 239 242 245 248 251 254 257 260 263 266 269 272 275 278 281 284 287 290 293 296 299 
204
	First4 Last4
	1904
	90404
	201 202 208 212 216 220 224 228 232 236 240 244 248 252 256 260 264 268 272 276 280 284 288 292 296 
205
	First5 Last5
	1905
	90505
	201 210 215 220 225 230 235 240 245 250 255 260 265 270 275 280 285 290 295 
206
	First6 Last6
	1906
	90606
	201 202 203 212 218 224 230 236 242 248 254 260 266 272 278 284 290 296 
207
	First7 Last7
	1907
	90707
	201 214 221 228 235 242 249 256 263 270 277 284 291 298 
208
	First8 Last8
	1908
	90808
	201 202 204 216 224 232 240 248 256 264 272 280 288 296 
209
	First9 Last9
	1909
	90909
	201 203 218 227 236 245 254 263 272 281 290 299 
210
	First10 Last10
	1910
	91010
	201 202 205 220 230 240 250 260 270 280 290 
211
	First11 Last11
	1911
	91111
	201 222 233 244 255 266 277 288 299 
212
	First12 Last12
	1912
	91212
	201 202 203 204 206 224 236 248 260 272 284 296 
213
	First13 Last13
	1913
	91313
	201 226 239 252 265 278 291 
214
	First14 Last14
	1914
	91414
	201 202 207 228 242 256 270 284 298 
215
	First15 Last15
	1915
	91515
	201 203 205 230 245 260 275 290 
216
	First16 Last16
	1916
	91616
	201 202 204 208 232 248 264 280 296 
217
	First17 Last17
	1917
	91717
	201 234 251 268 285 
218
	First18 Last18
	1918
	91818
	201 202 203 206 209 236 254 272 290 
219
	First19 Last19
	1919
	91919
	201 238 257 276 295 
220
	First20 Last20
	1920
	92020
	201 202 204 205 210 240 260 280 
221
	First21 Last21
	1921
	92121
	201 203 207 242 263 284 
222
	First22 Last22
	1922
	92222
	201 202 211 244 266 288 
223
	First23 Last23
	1923
	92323
	201 246 269 292 
224
	First24 Last24
	1924
	92424
	201 202 203 204 206 208 212 248 272 296 
225
	First25 Last25
	1925
	92525
	201 205 250 275 
226
	First26 Last26
	1926
	92626
	201 202 213 252 278 
227
	First27 Last27
	1927
	92727
	201 203 209 254 281 
228
	First28 Last28
	1928
	92828
	201 202 204 207 214 256 284 
229
	First29 Last29
	1929
	92929
	201 258 287 
230
	First30 Last30
	1930
	93030
	201 202 203 205 206 210 215 260 290 
231
	First31 Last31
	1931
	93131
	201 262 293 
232
	First32 Last32
	1932
	93232
	201 202 204 208 216 264 296 
233
	First33 Last33
	1933
	93333
	201 203 211 266 299 
234
	First34 Last34
	1934
	93434
	201 202 217 268 
235
	First35 Last35
	1935
	93535
	201 205 207 270 
236
	First36 Last36
	1936
	93636
	201 202 203 204 206 209 212 218 272 
237
	First37 Last37
	1937
	93737
	201 274 
238
	First38 Last38
	1938
	93838
	201 202 219 276 
239
	First39 Last39
	1939
	93939
	201 203 213 278 
240
	First40 Last40
	1940
	94040
	201 202 204 205 208 210 220 280 
241
	First41 Last41
	1941
	94141
	201 282 
242
	First42 Last42
	1942
	94242
	201 202 203 206 207 214 221 284 
243
	First43 Last43
	1943
	94343
	201 286 
244
	First44 Last44
	1944
	94444
	201 202 204 211 222 288 
245
	First45 Last45
	1945
	94545
	201 203 205 209 215 290 
246
	First46 Last46
	1946
	94646
	201 202 223 292 
247
	First47 Last47
	1947
	94747
	201 294 
248
	First48 Last48
	1948
	94848
	201 202 203 204 206 208 212 216 224 296 
249
	First49 Last49
	1949
	94949
	201 207 298 
250
	First50 Last50
	1950
	95050
	201 202 205 210 225 
251
	First51 Last51
	1951
	95151
	201 203 217 
252
	First52 Last52
	1952
	95252
	201 202 204 213 226 
253
	First53 Last53
	1953
	95353
	201 
254
	First54 Last54
	1954
	95454
	201 202 203 206 209 218 227 
255
	First55 Last55
	1955
	95555
	201 205 211 
256
	First56 Last56
	1956
	95656
	201 202 204 207 208 214 228 
257
	First57 Last57
	1957
	95757
	201 203 219 
258
	First58 Last58
	1958
	95858
	201 202 229 
259
	First59 Last59
	1959
	95959
	201 
260
	First60 Last60
	1960
	96060
	201 202 203 204 205 206 210 212 215 220 230 
261
	First61 Last61
	1961
	96161
	201 
262
	First62 Last62
	1962
	96262
	201 202 231 
263
	First63 Last63
	1963
	96363
	201 203 207 209 221 
264
	First64 Last64
	1964
	96464
	201 202 204 208 216 232 
265
	First65 Last65
	1965
	96565
	201 205 213 
266
	First66 Last66
	1966
	96666
	201 202 203 206 211 222 233 
267
	First67 Last67
	1967
	96767
	201 
268
	First68 Last68
	1968
	96868
	201 202 204 217 234 
269
	First69 Last69
	1969
	96969
	201 203 223 
270
	First70 Last70
	1970
	97070
	201 202 205 207 210 214 235 
271
	First71 Last71
	1971
	97171
	201 
272
	First72 Last72
	1972
	97272
	201 202 203 204 206 208 209 212 218 224 236 
273
	First73 Last73
	1973
	97373
	201 
274
	First74 Last74
	1974
	97474
	201 202 237 
275
	First75 Last75
	1975
	97575
	201 203 205 215 225 
276
	First76 Last76
	1976
	97676
	201 202 204 219 238 
277
	First77 Last77
	1977
	97777
	201 207 211 
278
	First78 Last78
	1978
	97878
	201 202 203 206 213 226 239 
279
	First79 Last79
	1979
	97979
	201 
280
	First80 Last80
	1980
	98080
	201 202 204 205 208 210 216 220 240 
281
	First81 Last81
	1981
	98181
	201 203 209 227 
282
	First82 Last82
	1982
	98282
	201 202 241 
283
	First83 Last83
	1983
	98383
	201 
284
	First84 Last84
	1984
	98484
	201 202 203 204 206 207 212 214 221 228 242 
285
	First85 Last85
	1985
	98585
	201 205 217 
286
	First86 Last86
	1986
	98686
	201 202 243 
287
	First87 Last87
	1987
	98787
	201 203 229 
288
	First88 Last88
	1988
	98888
	201 202 204 208 211 222 244 
289
	First89 Last89
	1989
	98989
	201 
290
	First90 Last90
	1990
	99090
	201 202 203 205 206 209 210 215 218 230 245 
291
	First91 Last91
	1991
	99191
	201 207 213 
292
	First92 Last92
	1992
	99292
	201 202 204 223 246 
293
	First93 Last93
	1993
	99393
	201 203 231 
294
	First94 Last94
	1994
	99494
	201 202 247 
295
	First95 Last95
	1995
	99595
	201 205 219 
296
	First96 Last96
	1996
	99696
	201 202 203 204 206 208 212 216 224 232 248 
297
	First97 Last97
	1997
	99797
	201 
298
	First98 Last98
	1998
	99898
	201 202 207 214 249 
299
	First99 Last99
	1999
	99999
	201 203 209 211 233 
300
	First0 Last0
	1900
	90000
	
301
	First1 Last1
	1901
	90101
	302 303 304 305 306 307 308 309 310 311 312 313 314 315 316 317 318 319 320 321 322 323 324 325 326 327 328 329 330 331 332 333 334 335 336 337 338 339 340 341 342 343 344 345 346 347 348 349 350 351 352 353 354 355 356 357 358 359 360 361 362 363 364 365 366 367 368 369 370 371 372 373 374 375 376 377 378 379 380 381 382 383 384 385 386 387 388 389 390 391 392 393 394 395 396 397 398 399 
302
	First2 Last2
	1902
	90202
	301 304 306 308 310 312 314 316 318 320 322 324 326 328 330 332 334 336 338 340 342 344 346 348 350 352 354 356 358 360 362 364 366 368 370 372 374 376 378 380 382 384 386 388 390 392 394 396 398 
303
	First3 Last3
	1903
	90303
	301 306 309 312 315 318 321 324 327 330 333 336 339 342 345 348 351 354 357 360 363 366 369 372 375 378 381 384 387 390 393 396 399 
304
	First4 Last4
	1904
	90404
	301 302 308 312 316 320 324 328 332 336 340 344 348 352 356 360 364 368 372 376 380 384 388 392 396 
305
	First5 Last5
	1905
	90505
	301 310 315 320 325 330 335 340 345 350 355 360 365 370 375 380 385 390 395 
306
	First6 Last6
	1906
	90606
	301 302 303 312 318 324 330 336 342 348 354 360 366 372 378 384 390 396 
307
	First7 Last7
	1907
	90707
	301 314 321 328 335 342 349 356 363 370 377 384 391 398 
308
	First8 Last8
	1908
	90808
	301 302 304 316 324 332 340 348 356 364 372 380 388 396 
309
	First9 Last9
	1909
	90909
	301 303 318 327 336 345 354 363 372 381 390 399 
310
	First10 Last10
	1910
	91010
	301 302 305 320 330 340 350 360 370 380 390 
311
	First11 Last11
	1911
	91111
	301 322 333 344 355 366 377 388 399 
312
	First12 Last12
	1912
	91212
	301 302 303 304 306 324 336 348 360 372 384 396 
313
	First13 Last13
	1913
	91313
	301 326 339 352 365 378 391 
314
	First14 Last14
	1914
	91414
	301 302 307 328 342 356 370 384 398 
315
	First15 Last15
	1915
	91515
	301 303 305 330 345 360 375 390 
316
	First16 Last16
	1916
	91616
	301 302 304 308 332 348 364 380 396 
317
	First17 Last17
	1917
	91717
	301 334 351 368 385 
318
	First18 Last18
	1918
	91818
	301 302 303 306 309 336 354 372 390 
319
	First19 Last19
	1919
	91919
	301 338 357 376 395 
320
	First20 Last20
	1920
	92020
	301 302 304 305 310 340 360 380 
321
	First21 Last21
	1921
	92121
	301 303 307 342 363 384 
322
	First22 Last22
	1922
	92222
	301 302 311 344 366 388 
323
	First23 Last23
	1923
	92323
	301 346 369 392 
324
	First24 Last24
	1924
	92424
	301 302 303 304 306 308 312 348 372 396 
325
	First25 Last25
	1925
	92525
	301 305 350 375 
326
	First26 Last26
	1926
	92626
	301 302 313 352 378 
327
	First27 Last27
	1927
	92727
	301 303 309 354 381 
328
	First28 Last28
	1928
	92828
	301 302 304 307 314 356 384 
329
	First29 Last29
	1929
	92929
	301 358 387 
330
	First30 Last30
	1930
	93030
	301 302 303 305 306 310 315 360 390 
331
	First31 Last31
	1931
	93131
	301 362 393 
332
	First32 Last32
	1932
	93232
	301 302 304 308 316 364 396 
333
	First33 Last33
	1933
	93333
	301 303 311 366 399 
334
	First34 Last34
	1934
	93434
	301 302 317 368 
335
	First35 Last35
	1935
	93535
	301 305 307 370 
336
	First36 Last36
	1936
	93636
	301 302 303 304 306 309 312 318 372 
337
	First37 Last37
	1937
	93737
	301 374 
338
	First38 Last38
	1938
	93838
	301 302 319 376 
339
	First39 Last39
	1939
	93939
	301 303 313 378 
340
	First40 Last40
	1940
	94040
	301 302 304 305 308 310 320 380 
341
	First41 Last41
	1941
	94141
	301 382 
342
	First42 Last42
	1942
	94242
	301 302 303 306 307 314 321 384 
343
	First43 Last43
	1943
	94343
	301 386 
344
	First44 Last44
	1944
	94444
	301 302 304 311 322 388 
345
	First45 Last45
	1945
	94545
	301 303 305 309 315 390 
346
	First46 Last46
	1946
	94646
	301 302 323 392 
347
	First47 Last47
	1947
	94747
	301 394 
348
	First48 Last48
	1948
	94848
	301 302 303 304 306 308 312 316 324 396 
349
	First49 Last49
	1949
	94949
	301 307 398 
350
	First50 Last50
	1950
	95050
	301 302 305 310 325 
351
	First51 Last51
	1951
	95151
	301 303 317 
352
	First52 Last52
	1952
	95252
	301 302 304 313 326 
353
	First53 Last53
	1953
	95353
	301 
354
	First54 Last54
	1954
	95454
	301 302 303 306 309 318 327 
355
	First55 Last55
	1955
	95555
	301 305 311 
356
	First56 Last56
	1956
	95656
	301 302 304 307 308 314 328 
357
	First57 Last57
	1957
	95757
	301 303 319 
358
	First58 Last58
	1958
	95858
	301 302 329 
359
	First59 Last59
	1959
	95959
	301 
360
	First60 Last60
	1960
	96060
	301 302 303 304 305 306 310 312 315 320 330 
361
	First61 Last61
	1961
	96161
	301 
362
	First62 Last62
	1962
	96262
	301 302 331 
363
	First63 Last63
	1963
	96363
	301 303 307 309 321 
364
	First64 Last64
	1964
	96464
	301 302 304 308 316 332 
365
	First65 Last65
	1965
	96565
	301 305 313 
366
	First66 Last66
	1966
	96666
	301 302 303 306 311 322 333 
367
	First67 Last67
	1967
	96767
	301 
368
	First68 Last68
	1968
	96868
	301 302 304 317 334 
369
	First69 Last69
	1969
	96969
	301 303 323 
370
	First70 Last70
	1970
	97070
	301 302 305 307 310 314 335 
371
	First71 Last71
	1971
	97171
	301 
372
	First72 Last72
	1972
	97272
	301 302 303 304 306 308 309 312 318 324 336 
373
	First73 Last73
	1973
	97373
	301 
374
	First74 Last74
	1974
	97474
	301 302 337 
375
	First75 Last75
	1975
	97575
	301 303 305 315 325 
376
	First76 Last76
	1976
	97676
	301 302 304 319 338 
377
	First77 Last77
	1977
	97777
	301 307 311 
378
	First78 Last78
	1978
	97878
	301 302 303 306 313 326 339 
379
	First79 Last79
	1979
	97979
	301 
380
	First80 Last80
	1980
	98080
	301 302 304 305 308 310 316 320 340 
381
	First81 Last81
	1981
	98181
	301 303 309 327 
382
	First82 Last82
	1982
	98282
	301 302 341 
383
	First83 Last83
	1983
	98383
	301 
384
	First84 Last84
	1984
	98484
	301 302 303 304 306 307 312 314 321 328 342 
385
	First85 Last85
	1985
	98585
	301 305 317 
386
	First86 Last86
	1986
	98686
	301 302 343 
387
	First87 Last87
	1987
	98787
	301 303 329 
388
	First88 Last88
	1988
	98888
	301 302 304 308 311 322 344 
389
	First89 Last89
	1989
	98989
	301 
390
	First90 Last90
	1990
	99090
	301 302 303 305 306 309 310 315 318 330 345 
391
	First91 Last91
	1991
	99191
	301 307 313 
392
	First92 Last92
	1992
	99292
	301 302 304 323 346 
393
	First93 Last93
	1993
	99393
	301 303 331 
394
	First94 Last94
	1994
	99494
	301 302 347 
395
	First95 Last95
	1995
	99595
	301 305 319 
396
	First96 Last96
	1996
	99696
	301 302 303 304 306 308 312 316 324 332 348 
397
	First97 Last97
	1997
	99797
	301 
398
	First98 Last98
	1998
	99898
	301 302 307 314 349 
399
	First99 Last99
	1999
	99999
	301 303 309 311 333 
400
	First0 Last0
	1900
	90000
	
401
	First1 Last1
	1901
	90101
	402 403 404 405 406 407 408 409 410 411 412 413 414 415 416 417 418 419 420 421 422 423 424 425 426 427 428 429 430 431 432 433 434 435 436 437 438 439 440 441 442 443 444 445 446 447 448 449 450 451 452 453 454 455 456 457 458 459 460 461 462 463 464 465 466 467 468 469 470 471 472 473 474 475 476 477 478 479 480 481 482 483 484 485 486 487 488 489 490 491 492 493 494 495 496 497 498 499 
402
	First2 Last2
	1902
	90202
	401 404 406 408 410 412 414 416 418 420 422 424 426 428 430 432 434 436 438 440 442 444 446 448 450 452 454 456 458 460 462 464 466 468 470 472 474 476 478 480 482 484 486 488 490 492 494 496 498 
403
	First3 Last3
	1903
	90303
	401 406 409 412 415 418 421 424 427 430 433 436 439 442 445 448 451 454 457 460 463 466 469 472 475 478 481 484 487 490 493 496 499 
404
	First4 Last4
	1904
	90404
	401 402 408 412 416 420 424 428 432 436 440 444 448 452 456 460 464 468 472 476 480 484 488 492 496 
405
	First5 Last5
	1905
	90505
	401 410 415 420 425 430 435 440 445 450 455 460 465 470 475 480 485 490 495 
406
	First6 Last6
	1906
	90606
	401 402 403 412 418 424 430 436 442 448 454 460 466 472 478 484 490 496 
407
	First7 Last7
	1907
	90707
	401 414 421 428 435 442 449 456 463 470 477 484 491 498 
408
	First8 Last8
	1908
	90808
	401 402 404 416 424 432 440 448 456 464 472 480 488 496 
409
	First9 Last9
	1909
	90909
	401 403 418 427 436 445 454 463 472 481 490 499 
410
	First10 Last10
	1910
	91010
	401 402 405 420 430 440 450 460 470 480 490 
411
	First11 Last11
	1911
	91111
	401 422 433 444 455 466 477 488 499 
412
	First12 Last12
	1912
	91212
	401 402 403 404 406 424 436 448 460 472 484 496 
413
	First13 Last13
	1913
	91313
	401 426 439 452 465 478 491 
414
	First14 Last14
	1914
	91414
	401 402 407 428 442 456 470 484 498 
415
	First15 Last15
	1915
	91515
	401 403 405 430 445 460 475 490 
416
	First16 Last16
	1916
	91616
	401 402 404 408 432 448 464 480 496 
417
	First17 Last17
	1917
	91717
	401 434 451 468 485 
418
	First18 Last18
	1918
	91818
	401 402 403 406 409 436 454 472 490 
419
	First19 Last19
	1919
	91919
	401 438 457 476 495 
420
	First20 Last20
	1920
	92020
	401 402 404 405 410 440 460 480 
421
	First21 Last21
	1921
	92121
	401 403 407 442 463 484 
422
	First22 Last22
	1922
	92222
	401 402 411 444 466 488 
423
	First23 Last23
	1923
	92323
	401 446 469 492 
424
	First24 Last24
	1924
	92424
	401 402 403 404 406 408 412 448 472 496 
425
	First25 Last25
	1925
	92525
	401 405 450 475 
426
	First26 Last26
	1926
	92626
	401 402 413 452 478 
427
	First27 Last27
	1927
	92727
	401 403 409 454 481 
428
	First28 Last28
	1928
	92828
	401 402 404 407 414 456 484 
429
	First29 Last29
	1929
	92929
	401 458 487 
430
	First30 Last30
	1930
	93030
	401 402 403 405 406 410 415 460 490 
431
	First31 Last31
	1931
	93131
	401 462 493 
432
	First32 Last32
	1932
	93232
	401 402 404 408 416 464 496 
433
	First33 Last33
	1933
	93333
	401 403 411 466 499 
434
	First34 Last34
	1934
	93434
	401 402 417 468 
435
	First35 Last35
	1935
	93535
	401 405 407 470 
436
	First36 Last36
	1936
	93636
	401 402 403 404 406 409 412 418 472 
437
	First37 Last37
	1937
	93737
	401 474 
438
	First38 Last38
	1938
	93838
	401 402 419 476 
439
	First39 Last39
	1939
	93939
	401 403 413 478 
440
	First40 Last40
	1940
	94040
	401 402 404 405 408 410 420 480 
441
	First41 Last41
	1941
	94141
	401 482 
442
	First42 Last42
	1942
	94242
	401 402 403 406 407 414 421 484 
443
	First43 Last43
	1943
	94343
	401 486 
444
	First44 Last44
	1944
	94444
	401 402 404 411 422 488 
445
	First45 Last45
	1945
	94545
	401 403 405 409 415 490 
446
	First46 Last46
	1946
	94646
	401 402 423 492 
447
	First47 Last47
	1947
	94747
	401 494 
448
	First48 Last48
	1948
	94848
	401 402 403 404 406 408 412 416 424 496 
449
	First49 Last49
	1949
	94949
	401 407 498 
450
	First50 Last50
	1950
	95050
	401 402 405 410 425 
451
	First51 Last51
	1951
	95151
	401 403 417 
452
	First52 Last52
	1952
	95252
	401 402 404 413 426 
453
	First53 Last53
	1953
	95353
	401 
454
	First54 Last54
	1954
	95454
	401 402 403 406 409 418 427 
455
	First55 Last55
	1955
	95555
	401 405 411 
456
	First56 Last56
	1956
	95656
	401 402 404 407 408 414 428 
457
	First57 Last57
	1957
	95757
	401 403 419 
458
	First58 Last58
	1958
	95858
	401 402 429 
459
	First59 Last59
	1959
	95959
	401 
460
	First60 Last60
	1960
	96060
	401 402 403 404 405 406 410 412 415 420 430 
461
	First61 Last61
	1961
	96161
	401 
462
	First62 Last62
	1962
	96262
	401 402 431 
463
	First63 Last63
	1963
	96363
	401 403 407 409 421 
464
	First64 Last64
	1964
	96464
	401 402 404 408 416 432 
465
	First65 Last65
	1965
	96565
	401 405 413 
466
	First66 Last66
	1966
	96666
	401 402 403 406 411 422 433 
467
	First67 Last67
	1967
	96767
	401 
468
	First68 Last68
	1968
	96868
	401 402 404 417 434 
469
	First69 Last69
	1969
	96969
	401 403 423 
470
	First70 Last70
	1970
	97070
	401 402 405 407 410 414 435 
471
	First71 Last71
	1971
	97171
	401 
472
	First72 Last72
	1972
	97272
	401 402 403 404 406 408 409 412 418 424 436 
473
	First73 Last73
	1973
	97373
	401 
474
	First74 Last74
	1974
	97474
	401 402 437 
475
	First75 Last75
	1975
	97575
	401 403 405 415 425 
476
	First76 Last76
	1976
	97676
	401 402 404 419 438 
477
	First77 Last77
	1977
	97777
	401 407 411 
478
	First78 Last78
	1978
	97878
	401 402 403 406 413 426 439 
479
	First79 Last79
	1979
	97979
	401 
480
	First80 Last80
	1980
	98080
	401 402 404 405 408 410 416 420 440 
481
	First81 Last81
	1981
	98181
	401 403 409 427 
482
	First82 Last82
	1982
	98282
	401 402 441 
483
	First83 Last83
	1983
	98383
	401 
484
	First84 Last84
	1984
	98484
	401 402 403 404 406 407 412 414 421 428 442 
485
	First85 Last85
	1985
	98585
	401 405 417 
486
	First86 Last86
	1986
	98686
	401 402 443 
487
	First87 Last87
	1987
	98787
	401 403 429 
488
	First88 Last88
	1988
	98888
	401 402 404 408 411 422 444 
489
	First89 Last89
	1989
	98989
	401 
490
	First90 Last90
	1990
	99090
	401 402 403 405 406 409 410 415 418 430 445 
491
	First91 Last91
	1991
	99191
	401 407 413 
492
	First92 Last92
	1992
	99292
	401 402 404 423 446 
493
	First93 Last93
	1993
	99393
	401 403 431 
494
	First94 Last94
	1994
	99494
	401 402 447 
495
	First95 Last95
	1995
	99595
	401 405 419 
496
	First96 Last96
	1996
	99696
	401 402 403 404 406 408 412 416 424 432 448 
497
	First97 Last97
	1997
	99797
	401 
498
	First98 Last98
	1998
	99898
	401 402 407 414 449 
499
	First99 Last99
	1999
	99999
	401 403 409 411 433 
500
	First0 Last0
	1900
	90000
	
501
	First1 Last1
	1901
	90101
	502 503 504 505 506 507 508 509 510 511 512 513 514 515 516 517 518 519 520 521 522 523 524 525 526 527 528 529 530 531 532 533 534 535 536 537 538 539 540 541 542 543 544 545 546 547 548 549 550 551 552 553 554 555 556 557 558 559 560 561 562 563 564 565 566 567 568 569 570 571 572 573 574 575 576 577 578 579 580 581 582 583 584 585 586 587 588 589 590 591 592 593 594 595 596 597 598 599 
502
	First2 Last2
	1902
	90202
	501 504 506 508 510 512 514 516 518 520 522 524 526 528 530 532 534 536 538 540 542 544 546 548 550 552 554 556 558 560 562 564 566 568 570 572 574 576 578 580 582 584 586 588 590 592 594 596 598 
503
	First3 Last3
	1903
	90303
	501 506 509 512 515 518 521 524 527 530 533 536 539 542 545 548 551 554 557 560 563 566 569 572 575 578 581 584 587 590 593 596 599 
504
	First4 Last4
	1904
	90404
	501 502 508 512 516 520 524 528 532 536 540 544 548 552 556 560 564 568 572 576 580 584 588 592 596 
505
	First5 Last5
	1905
	90505
	501 510 515 520 525 530 535 540 545 550 555 560 565 570 575 580 585 590 595 
506
	First6 Last6
	1906
	90606
	501 502 503 512 518 524 530 536 542 548 554 560 566 572 578 584 590 596 
507
	First7 Last7
	1907
	90707
	501 514 521 528 535 542 549 556 563 570 577 584 591 598 
508
	First8 Last8
	1908
	90808
	501 502 504 516 524 532 540 548 556 564 572 580 588 596 
509
	First9 Last9
	1909
	90909
	501 503 518 527 536 545 554 563 572 581 590 599 
510
	First10 Last10
	1910
	91010
	501 502 505 520 530 540 550 560 570 580 590 
511
	First11 Last11
	1911
	91111
	501 522 533 544 555 566 577 588 599 
512
	First12 Last12
	1912
	91212
	501 502 503 504 506 524 536 548 560 572 584 596 
513
	First13 Last13
	1913
	91313
	501 526 539 552 565 578 591 
514
	First14 Last14
	1914
	91414
	501 502 507 528 542 556 570 584 598 
515
	First15 Last15
	1915
	91515
	501 503 505 530 545 560 575 590 
516
	First16 Last16
	1916
	91616
	501 502 504 508 532 548 564 580 596 
517
	First17 Last17
	1917
	91717
	501 534 551 568 585 
518
	First18 Last18
	1918
	91818
	501 502 503 506 509 536 554 572 590 
519
	First19 Last19
	1919
	91919
	501 538 557 576 595 
520
	First20 Last20
	1920
	92020
	501 502 504 505 510 540 560 580 
521
	First21 Last21
	1921
	92121
	501 503 507 542 563 584 
522
	First22 Last22
	1922
	92222
	501 502 511 544 566 588 
523
	First23 Last23
	1923
	92323
	501 546 569 592 
524
	First24 Last24
	1924
	92424
	501 502 503 504 506 508 512 548 572 596 
525
	First25 Last25
	1925
	92525
	501 505 550 575 
526
	First26 Last26
	1926
	92626
	501 502 513 552 578 
527
	First27 Last27
	1927
	92727
	501 503 509 554 581 
528
	First28 Last28
	1928
	92828
	501 502 504 507 514 556 584 
529
	First29 Last29
	1929
	92929
	501 558 587 
530
	First30 Last30
	1930
	93030
	501 502 503 505 506 510 515 560 590 
531
	First31 Last31
	1931
	93131
	501 562 593 
532
	First32 Last32
	1932
	93232
	501 502 504 508 516 564 596 
533
	First33 Last33
	1933
	93333
	501 503 511 566 599 
534
	First34 Last34
	1934
	93434
	501 502 517 568 
535
	First35 Last35
	1935
	93535
	501 505 507 570 
536
	First36 Last36
	1936
	93636
	501 502 503 504 506 509 512 518 572 
537
	First37 Last37
	1937
	93737
	501 574 
538
	First38 Last38
	1938
	93838
	501 502 519 576 
539
	First39 Last39
	1939
	93939
	501 503 513 578 
540
	First40 Last40
	1940
	94040
	501 502 504 505 508 510 520 580 
541
	First41 Last41
	1941
	94141
	501 582 
542
	First42 Last42
	1942
	94242
	501 502 503 506 507 514 521 584 
543
	First43 Last43
	1943
	94343
	501 586 
544
	First44 Last44
	1944
	94444
	501 502 504 511 522 588 
545
	First45 Last45
	1945
	94545
	501 503 505 509 515 590 
546
	First46 Last46
	1946
	94646
	501 502 523 592 
547
	First47 Last47
	1947
	94747
	501 594 
548
	First48 Last48
	1948
	94848
	501 502 503 504 506 508 512 516 524 596 
549
	First49 Last49
	1949
	94949
	501 507 598 
550
	First50 Last50
	1950
	95050
	501 502 505 510 525 
551
	First51 Last51
	1951
	95151
	501 503 517 
552
	First52 Last52
	1952
	95252
	501 502 504 513 526 
553
	First53 Last53
	1953
	95353
	501 
554
	First54 Last54
	1954
	95454
	501 502 503 506 509 518 527 
555
	First55 Last55
	1955
	95555
	501 505 511 
556
	First56 Last56
	1956
	95656
	501 502 504 507 508 514 528 
557
	First57 Last57
	1957
	95757
	501 503 519 
558
	First58 Last58
	1958
	95858
	501 502 529 
559
	First59 Last59
	1959
	95959
	501 
560
	First60 Last60
	1960
	96060
	501 502 503 504 505 506 510 512 515 520 530 
561
	First61 Last61
	1961
	96161
	501 
562
	First62 Last62
	1962
	96262
	501 502 531 
563
	First63 Last63
	1963
	96363
	501 503 507 509 521 
564
	First64 Last64
	1964
	96464
	501 502 504 508 516 532 
565
	First65 Last65
	1965
	96565
	501 505 513 
566
	First66 Last66
	1966
	96666
	501 502 503 506 511 522 533 
567
	First67 Last67
	1967
	96767
	501 
568
	First68 Last68
	1968
	96868
	501 502 504 517 534 
569
	First69 Last69
	1969
	96969
	501 503 523 
570
	First70 Last70
	1970
	97070
	501 502 505 507 510 514 535 
571
	First71 Last71
	1971
	97171
	501 
572
	First72 Last72
	1972
	97272
	501 502 503 504 506 508 509 512 518 524 536 
573
	First73 Last73
	1973
	97373
	501 
574
	First74 Last74
	1974
	97474
	501 502 537 
575
	First75 Last75
	1975
	97575
	501 503 505 515 525 
576
	First76 Last76
	1976
	97676
	501 502 504 519 538 
577
	First77 Last77
	1977
	97777
	501 507 511 
578
	First78 Last78
	1978
	97878
	501 502 503 506 513 526 539 
579
	First79 Last79
	1979
	97979
	501 
580
	First80 Last80
	1980
	98080
	501 502 504 505 508 510 516 520 540 
581
	First81 Last81
	1981
	98181
	501 503 509 527 
582
	First82 Last82
	1982
	98282
	501 502 541 
583
	First83 Last83
	1983
	98383
	501 
584
	First84 Last84
	1984
	98484
	501 502 503 504 506 507 512 514 521 528 542 
585
	First85 Last85
	1985
	98585
	501 505 517 
586
	First86 Last86
	1986
	98686
	501 502 543 
587
	First87 Last87
	1987
	98787
	501 503 529 
588
	First88 Last88
	1988
	98888
	501 502 504 508 511 522 544 
589
	First89 Last89
	1989
	98989
	501 
590
	First90 Last90
	1990
	99090
	501 502 503 505 506 509 510 515 518 530 545 
591
	First91 Last91
	1991
	99191
	501 507 513 
592
	First92 Last92
	1992
	99292
	501 502 504 523 546 
593
	First93 Last93
	1993
	99393
	501 503 531 
594
	First94 Last94
	1994
	99494
	501 502 547 
595
	First95 Last95
	1995
	99595
	501 505 519 
596
	First96 Last96
	1996
	99696
	501 502 503 504 506 508 512 516 524 532 548 
597
	First97 Last97
	1997
	99797
	501 
598
	First98 Last98
	1998
	99898
	501 502 507 514 549 
599
	First99 Last99
	1999
	99999
	501 503 509 511 533 
600
	First0 Last0
	1900
	90000
	
601
	First1 Last1
	1901
	90101
	602 603 604 605 606 607 608 609 610 611 612 613 614 615 616 617 618 619 620 621 622 623 624 625 626 627 628 629 630 631 632 633 634 635 636 637 638 639 640 641 642 643 644 645 646 647 648 649 650 651 652 653 654 655 656 657 658 659 660 661 662 663 664 665 666 667 668 669 670 671 672 673 674 675 676 677 678 679 680 681 682 683 684 685 686 687 688 689 690 691 692 693 694 695 696 697 698 699 
602
	First2 Last2
	1902
	90202
	601 604 606 608 610 612 614 616 618 620 622 624 626 628 630 632 634 636 638 640 642 644 646 648 650 652 654 656 658 660 662 664 666 668 670 672 674 676 678 680 682 684 686 688 690 692 694 696 698 
603
	First3 Last3
	1903
	90303
	601 606 609 612 615 618 621 624 627 630 633 636 639 642 645 648 651 654 657 660 663 666 669 672 675 678 681 684 687 690 693 696 699 
604
	First4 Last4
	1904
	90404
	601 602 608 612 616 620 624 628 632 636 640 644 648 652 656 660 664 668 672 676 680 684 688 692 696 
605
	First5 Last5
	1905
	90505
	601 610 615 620 625 630 635 640 645 650 655 660 665 670 675 680 685 690 695 
606
	First6 Last6
	1906
	90606
	601 602 603 612 618 624 630 636 642 648 654 660 666 672 678 684 690 696 
607
	First7 Last7
	1907
	90707
	601 614 621 628 635 642 649 656 663 670 677 684 691 698 
608
	First8 Last8
	1908
	90808
	601 602 604 616 624 632 640 648 656 664 672 680 688 696 
609
	First9 Last9
	1909
	90909
	601 603 618 627 636 645 654 663 672 681 690 699 
610
	First10 Last10
	1910
	91010
	601 602 605 620 630 640 650 660 670 680 690 
611
	First11 Last11
	1911
	91111
	601 622 633 644 655 666 677 688 699 
612
	First12 Last12
	1912
	91212
	601 602 603 604 606 624 636 648 660 672 684 696 
613
	First13 Last13
	1913
	91313
	601 626 639 652 665 678 691 
614
	First14 Last14
	1914
	91414
	601 602 607 628 642 656 670 684 698 
615
	First15 Last15
	1915
	91515
	601 603 605 630 645 660 675 690 
616
	First16 Last16
	1916
	91616
	601 602 604 608 632 648 664 680 696 
617
	First17 Last17
	1917
	91717
	601 634 651 668 685 
618
	First18 Last18
	1918
	91818
	601 602 603 606 609 636 654 672 690 
619
	First19 Last19
	1919
	91919
	601 638 657 676 695 
620
	First20 Last20
	1920
	92020
	601 602 604 605 610 640 660 680 
621
	First21 Last21
	1921
	92121
	601 603 607 642 663 684 
622
	First22 Last22
	1922
	92222
	601 602 611 644 666 688 
623
	First23 Last23
	1923
	92323
	601 646 669 692 
624
	First24 Last24
	1924
	92424
	601 602 603 604 606 608 612 648 672 696 
625
	First25 Last25
	1925
	92525
	601 605 650 675 
626
	First26 Last26
	1926
	92626
	601 602 613 652 678 
627
	First27 Last27
	1927
	92727
	601 603 609 654 681 
628
	First28 Last28
	1928
	92828
	601 602 604 607 614 656 684 
629
	First29 Last29
	1929
	92929
	601 658 687 
630
	First30 Last30
	1930
	93030
	601 602 603 605 606 610 615 660 690 
631
	First31 Last31
	1931
	93131
	601 662 693 
632
	First32 Last32
	1932
	93232
	601 602 604 608 616 664 696 
633
	First33 Last33
	1933
	93333
	601 603 611 666 699 
634
	First34 Last34
	1934
	93434
	601 602 617 668 
635
	First35 Last35
	1935
	93535
	601 605 607 670 
636
	First36 Last36
	1936
	93636
	601 602 603 604 606 609 612 618 672 
637
	First37 Last37
	1937
	93737
	601 674 
638
	First38 Last38
	1938
	93838
	601 602 619 676 
639
	First39 Last39
	1939
	93939
	601 603 613 678 
640
	First40 Last40
	1940
	94040
	601 602 604 605 608 610 620 680 
641
	First41 Last41
	1941
	94141
	601 682 
642
	First42 Last42
	1942
	94242
	601 602 603 606 607 614 621 684 
643
	First43 Last43
	1943
	94343
	601 686 
644
	First44 Last44
	1944
	94444
	601 602 604 611 622 688 
645
	First45 Last45
	1945
	94545
	601 603 605 609 615 690 
646
	First46 Last46
	1946
	94646
	601 602 623 692 
647
	First47 Last47
	1947
	94747
	601 694 
648
	First48 Last48
	1948
	94848
	601 602 603 604 606 608 612 616 624 696 
649
	First49 Last49
	1949
	94949
	601 607 698 
650
	First50 Last50
	1950
	95050
	601 602 605 610 625 
651
	First51 Last51
	1951
	95151
	601 603 617 
652
	First52 Last52
	1952
	95252
	601 602 604 613 626 
653
	First53 Last53
	1953
	95353
	601 
654
	First54 Last54
	1954
	95454
	601 602 603 606 609 618 627 
655
	First55 Last55
	1955
	95555
	601 605 611 
656
	First56 Last56
	1956
	95656
	601 602 604 607 608 614 628 
657
	First57 Last57
	1957
	95757
	601 603 619 
658
	First58 Last58
	1958
	95858
	601 602 629 
659
	First59 Last59
	1959
	95959
	601 
660
	First60 Last60
	1960
	96060
	601 602 603 604 605 606 610 612 615 620 630 
661
	First61 Last61
	1961
	96161
	601 
662
	First62 Last62
	1962
	96262
	601 602 631 
663
	First63 Last63
	1963
	96363
	601 603 607 609 621 
664
	First64 Last64
	1964
	96464
	601 602 604 608 616 632 
665
	First65 Last65
	1965
	96565
	601 605 613 
666
	First66 Last66
	1966
	96666
	601 602 603 606 611 622 633 
667
	First67 Last67
	1967
	96767
	601 
668
	First68 Last68
	1968
	96868
	601 602 604 617 634 
669
	First69 Last69
	1969
	96969
	601 603 623 
670
	First70 Last70
	1970
	97070
	601 602 605 607 610 614 635 
671
	First71 Last71
	1971
	97171
	601 
672
	First72 Last72
	1972
	97272
	601 602 603 604 606 608 609 612 618 624 636 
673
	First73 Last73
	1973
	97373
	601 
674
	First74 Last74
	1974
	97474
	601 602 637 
675
	First75 Last75
	1975
	97575
	601 603 605 615 625 
676
	First76 Last76
	1976
	97676
	601 602 604 619 638 
677
	First77 Last77
	1977
	97777
	601 607 611 
678
	First78 Last78
	1978
	97878
	601 602 603 606 613 626 639 
679
	First79 Last79
	1979
	97979
	601 
680
	First80 Last80
	1980
	98080
	601 602 604 605 608 610 616 620 640 
681
	First81 Last81
	1981
	98181
	601 603 609 627 
682
	First82 Last82
	1982
	98282
	601 602 641 
683
	First83 Last83
	1983
	98383
	601 
684
	First84 Last84
	1984
	98484
	601 602 603 604 606 607 612 614 621 628 642 
685
	First85 Last85
	1985
	98585
	601 605 617 
686
	First86 Last86
	1986
	98686
	601 602 643 
687
	First87 Last87
	1987
	98787
	601 603 629 
688
	First88 Last88
	1988
	98888
	601 602 604 608 611 622 644 
689
	First89 Last89
	1989
	98989
	601 
690
	First90 Last90
	1990
	99090
	601 602 603 605 606 609 610 615 618 630 645 
691
	First91 Last91
	1991
	99191
	601 607 613 
692
	First92 Last92
	1992
	99292
	601 602 604 623 646 
693
	First93 Last93
	1993
	99393
	601 603 631 
694
	First94 Last94
	1994
	99494
	601 602 647 
695
	First95 Last95
	1995
	99595
	601 605 619 
696
	First96 Last96
	1996
	99696
	601 602 603 604 606 608 612 616 624 632 648 
697
	First97 Last97
	1997
	99797
	601 
698
	First98 Last98
	1998
	99898
	601 602 607 614 649 
699
	First99 Last99
	1999
	99999
	601 603 609 611 633 
700
	First0 Last0
	1900
	90000
	
701
	First1 Last1
	1901
	90101
	702 703 704 705 706 707 708 709 710 711 712 713 714 715 716 717 718 719 720 721 722 723 724 725 726 727 728 729 730 731 732 733 734 735 736 737 738 739 740 741 742 743 744 745 746 747 748 749 750 751 752 753 754 755 756 757 758 759 760 761 762 763 764 765 766 767 768 769 770 771 772 773 774 775 776 777 778 779 780 781 782 783 784 785 786 787 788 789 790 791 792 793 794 795 796 797 798 799 
702
	First2 Last2
	1902
	90202
	701 704 706 708 710 712 714 716 718 720 722 724 726 728 730 732 734 736 738 740 742 744 746 748 750 752 754 756 758 760 762 764 766 768 770 772 774 776 778 780 782 784 786 788 790 792 794 796 798 
703
	First3 Last3
	1903
	90303
	701 706 709 712 715 718 721 724 727 730 733 736 739 742 745 748 751 754 757 760 763 766 769 772 775 778 781 784 787 790 793 796 799 
704
	First4 Last4
	1904
	90404
	701 702 708 712 716 720 724 728 732 736 740 744 748 752 756 760 764 768 772 776 780 784 788 792 796 
705
	First5 Last5
	1905
	90505
	701 710 715 720 725 730 735 740 745 750 755 760 765 770 775 780 785 790 795 
706
	First6 Last6
	1906
	90606
	701 702 703 712 718 724 730 736 742 748 754 760 766 772 778 784 790 796 
707
	First7 Last7
	1907
	90707
	701 714 721 728 735 742 749 756 763 770 777 784 791 798 
708
	First8 Last8
	1908
	90808
	701 702 704 716 724 732 740 748 756 764 772 780 788 796 
709
	First9 Last9
	1909
	90909
	701 703 718 727 736 745 754 763 772 781 790 799 
710
	First10 Last10
	1910
	91010
	701 702 705 720 730 740 750 760 770 780 790 
711
	First11 Last11
	1911
	91111
	701 722 733 744 755 766 777 788 799 
712
	First12 Last12
	1912
	91212
	701 702 703 704 706 724 736 748 760 772 784 796 
713
	First13 Last13
	1913
	91313
	701 726 739 752 765 778 791 
714
	First14 Last14
	1914
	91414
	701 702 707 728 742 756 770 784 798 
715
	First15 Last15
	1915
	91515
	701 703 705 730 745 760 775 790 
716
	First16 Last16
	1916
	91616
	701 702 704 708 732 748 764 780 796 
717
	First17 Last17
	1917
	91717
	701 734 751 768 785 
718
	First18 Last18
	1918
	91818
	701 702 703 706 709 736 754 772 790 
719
	First19 Last19
	1919
	91919
	701 738 757 776 795 
720
	First20 Last20
	1920
	92020
	701 702 704 705 710 740 760 780 
721
	First21 Last21
	1921
	92121
	701 703 707 742 763 784 
722
	First22 Last22
	1922
	92222
	701 702 711 744 766 788 
723
	First23 Last23
	1923
	92323
	701 746 769 792 
724
	First24 Last24
	1924
	92424
	701 702 703 704 706 708 712 748 772 796 
725
	First25 Last25
	1925
	92525
	701 705 750 775 
726
	First26 Last26
	1926
	92626
	701 702 713 752 778 
727
	First27 Last27
	1927
	92727
	701 703 709 754 781 
728
	First28 Last28
	1928
	92828
	701 702 704 707 714 756 784 
729
	First29 Last29
	1929
	92929
	701 758 787 
730
	First30 Last30
	1930
	93030
	701 702 703 705 706 710 715 760 790 
731
	First31 Last31
	1931
	93131
	701 762 793 
732
	First32 Last32
	1932
	93232
	701 702 704 708 716 764 796 
733
	First33 Last33
	1933
	93333
	701 703 711 766 799 
734
	First34 Last34
	1934
	93434
	701 702 717 768 
735
	First35 Last35
	1935
	93535
	701 705 707 770 
736
	First36 Last36
	1936
	93636
	701 702 703 704 706 709 712 718 772 
737
	First37 Last37
	1937
	93737
	701 774 
738
	First38 Last38
	1938
	93838
	701 702 719 776 
739
	First39 Last39
	1939
	93939
	701 703 713 778 
740
	First40 Last40
	1940
	94040
	701 702 704 705 708 710 720 780 
741
	First41 Last41
	1941
	94141
	701 782 
742
	First42 Last42
	1942
	94242
	701 702 703 706 707 714 721 784 
743
	First43 Last43
	1943
	94343
	701 786 
744
	First44 Last44
	1944
	94444
	701 702 704 711 722 788 
745
	First45 Last45
	1945
	94545
	701 703 705 709 715 790 
746
	First46 Last46
	1946
	94646
	701 702 723 792 
747
	First47 Last47
	1947
	94747
	701 794 
748
	First48 Last48
	1948
	94848
	701 702 703 704 706 708 712 716 724 796 
749
	First49 Last49
	1949
	94949
	701 707 798 
750
	First50 Last50
	1950
	95050
	701 702 705 710 725 
751
	First51 Last51
	1951
	95151
	701 703 717 
752
	First52 Last52
	1952
	95252
	701 702 704 713 726 
753
	First53 Last53
	1953
	95353
	701 
754
	First54 Last54
	1954
	95454
	701 702 703 706 709 718 727 
755
	First55 Last55
	1955
	95555
	701 705 711 
756
	First56 Last56
	1956
	95656
	701 702 704 707 708 714 728 
757
	First57 Last57
	1957
	95757
	701 703 719 
758
	First58 Last58
	1958
	95858
	701 702 729 
759
	First59 Last59
	1959
	95959
	701 
760
	First60 Last60
	1960
	96060
	701 702 703 704 705 706 710 712 715 720 730 
761
	First61 Last61
	1961
	96161
	701 
762
	First62 Last62
	1962
	96262
	701 702 731 
763
	First63 Last63
	1963
	96363
	701 703 707 709 721 
764
	First64 Last64
	1964
	96464
	701 702 704 708 716 732 
765
	First65 Last65
	1965
	96565
	701 705 713 
766
	First66 Last66
	1966
	96666
	701 702 703 706 711 722 733 
767
	First67 Last67
	1967
	96767
	701 
768
	First68 Last68
	1968
	96868
	701 702 704 717 734 
769
	First69 Last69
	1969
	96969
	701 703 723 
770
	First70 Last70
	1970
	97070
	701 702 705 707 710 714 735 
771
	First71 Last71
	1971
	97171
	701 
772
	First72 Last72
	1972
	97272
	701 702 703 704 706 708 709 712 718 724 736 
773
	First73 Last73
	1973
	97373
	701 
774
	First74 Last74
	1974
	97474
	701 702 737 
775
	First75 Last75
	1975
	97575
	701 703 705 715 725 
776
	First76 Last76
	1976
	97676
	701 702 704 719 738 
777
	First77 Last77
	1977
	97777
	701 707 711 
778
	First78 Last78
	1978
	97878
	701 702 703 706 713 726 739 
779
	First79 Last79
	1979
	97979
	701 
780
	First80 Last80
	1980
	98080
	701 702 704 705 708 710 716 720 740 
781
	First81 Last81
	1981
	98181
	701 703 709 727 
782
	First82 Last82
	1982
	98282
	701 702 741 
783
	First83 Last83
	1983
	98383
	701 
784
	First84 Last84
	1984
	98484
	701 702 703 704 706 707 712 714 721 728 742 
785
	First85 Last85
	1985
	98585
	701 705 717 
786
	First86 Last86
	1986
	98686
	701 702 743 
787
	First87 Last87
	1987
	98787
	701 703 729 
788
	First88 Last88
	1988
	98888
	701 702 704 708 711 722 744 
789
	First89 Last89
	1989
	98989
	701 
790
	First90 Last90
	1990
	99090
	701 702 703 705 706 709 710 715 718 730 745 
791
	First91 Last91
	1991
	99191
	701 707 713 
792
	First92 Last92
	1992
	99292
	701 702 704 723 746 
793
	First93 Last93
	1993
	99393
	701 703 731 
794
	First94 Last94
	1994
	99494
	701 702 747 
795
	First95 Last95
	1995
	99595
	701 705 719 
796
	First96 Last96
	1996
	99696
	701 702 703 704 706 708 712 716 724 732 748 
797
	First97 Last97
	1997
	99797
	701 
798
	First98 Last98
	1998
	99898
	701 702 707 714 749 
799
	First99 Last99
	1999
	99999
	701 703 709 711 733 
800
	First0 Last0
	1900
	90000
	
801
	First1 Last1
	1901
	90101
	802 803 804 805 806 807 808 809 810 811 812 813 814 815 816 817 818 819 820 821 822 823 824 825 826 827 828 829 830 831 832 833 834 835 836 837 838 839 840 841 842 843 844 845 846 847 848 849 850 851 852 853 854 855 856 857 858 859 860 861 862 863 864 865 866 867 868 869 870 871 872 873 874 875 876 877 878 879 880 881 882 883 884 885 886 887 888 889 890 891 892 893 894 895 896 897 898 899 
802
	First2 Last2
	1902
	90202
	801 804 806 808 810 812 814 816 818 820 822 824 826 828 830 832 834 836 838 840 842 844 846 848 850 852 854 856 858 860 862 864 866 868 870 872 874 876 878 880 882 884 886 888 890 892 894 896 898 
803
	First3 Last3
	1903
	90303
	801 806 809 812 815 818 821 824 827 830 833 836 839 842 845 848 851 854 857 860 863 866 869 872 875 878 881 884 887 890 893 896 899 
804
	First4 Last4
	1904
	90404
	801 802 808 812 816 820 824 828 832 836 840 844 848 852 856 860 864 868 872 876 880 884 888 892 896 
805
	First5 Last5
	1905
	90505
	801 810 815 820 825 830 835 840 845 850 855 860 865 870 875 880 885 890 895 
806
	First6 Last6
	1906
	90606
	801 802 803 812 818 824 830 836 842 848 854 860 866 872 878 884 890 896 
807
	First7 Last7
	1907
	90707
	801 814 821 828 835 842 849 856 863 870 877 884 891 898 
808
	First8 Last8
	1908
	90808
	801 802 804 816 824 832 840 848 856 864 872 880 888 896 
809
	First9 Last9
	1909
	90909
	801 803 818 827 836 845 854 863 872 881 890 899 
810
	First10 Last10
	1910
	91010
	801 802 805 820 830 840 850 860 870 880 890 
811
	First11 Last11
	1911
	91111
	801 822 833 844 855 866 877 888 899 
812
	First12 Last12
	1912
	91212
	801 802 803 804 806 824 836 848 860 872 884 896 
813
	First13 Last13
	1913
	91313
	801 826 839 852 865 878 891 
814
	First14 Last14
	1914
	91414
	801 802 807 828 842 856 870 884 898 
815
	First15 Last15
	1915
	91515
	801 803 805 830 845 860 875 890 
816
	First16 Last16
	1916
	91616
	801 802 804 808 832 848 864 880 896 
817
	First17 Last17
	1917
	91717
	801 834 851 868 885 
818
	First18 Last18
	1918
	91818
	801 802 803 806 809 836 854 872 890 
819
	First19 Last19
	1919
	91919
	801 838 857 876 895 
820
	First20 Last20
	1920
	92020
	801 802 804 805 810 840 860 880 
821
	First21 Last21
	1921
	92121
	801 803 807 842 863 884 
822
	First22 Last22
	1922
	92222
	801 802 811 844 866 888 
823
	First23 Last23
	1923
	92323
	801 846 869 892 
824
	First24 Last24
	1924
	92424
	801 802 803 804 806 808 812 848 872 896 
825
	First25 Last25
	1925
	92525
	801 805 850 875 
826
	First26 Last26
	1926
	92626
	801 802 813 852 878 
827
	First27 Last27
	1927
	92727
	801 803 809 854 881 
828
	First28 Last28
	1928
	92828
	801 802 804 807 814 856 884 
829
	First29 Last29
	1929
	92929
	801 858 887 
830
	First30 Last30
	1930
	93030
	801 802 803 805 806 810 815 860 890 
831
	First31 Last31
	1931
	93131
	801 862 893 
832
	First32 Last32
	1932
	93232
	801 802 804 808 816 864 896 
833
	First33 Last33
	1933
	93333
	801 803 811 866 899 
834
	First34 Last34
	1934
	93434
	801 802 817 868 
835
	First35 Last35
	1935
	93535
	801 805 807 870 
836
	First36 Last36
	1936
	93636
	801 802 803 804 806 809 812 818 872 
837
	First37 Last37
	1937
	93737
	801 874 
838
	First38 Last38
	1938
	93838
	801 802 819 876 
839
	First39 Last39
	1939
	93939
	801 803 813 878 
840
	First40 Last40
	1940
	94040
	801 802 804 805 808 810 820 880 
841
	First41 Last41
	1941
	94141
	801 882 
842
	First42 Last42
	1942
	94242
	801 802 803 806 807 814 821 884 
843
	First43 Last43
	1943
	94343
	801 886 
844
	First44 Last44
	1944
	94444
	801 802 804 811 822 888 
845
	First45 Last45
	1945
	94545
	801 803 805 809 815 890 
846
	First46 Last46
	1946
	94646
	801 802 823 892 
847
	First47 Last47
	1947
	94747
	801 894 
848
	First48 Last48
	1948
	94848
	801 802 803 804 806 808 812 816 824 896 
849
	First49 Last49
	1949
	94949
	801 807 898 
850
	First50 Last50
	1950
	95050
	801 802 805 810 825 
851
	First51 Last51
	1951
	95151
	801 803 817 
852
	First52 Last52
	1952
	95252
	801 802 804 813 826 
853
	First53 Last53
	1953
	95353
	801 
854
	First54 Last54
	1954
	95454
	801 802 803 806 809 818 827 
855
	First55 Last55
	1955
	95555
	801 805 811 
856
	First56 Last56
	1956
	95656
	801 802 804 807 808 814 828 
857
	First57 Last57
	1957
	95757
	801 803 819 
858
	First58 Last58
	1958
	95858
	801 802 829 
859
	First59 Last59
	1959
	95959
	801 
860
	First60 Last60
	1960
	96060
	801 802 803 804 805 806 810 812 815 820 830 
861
	First61 Last61
	1961
	96161
	801 
862
	First62 Last62
	1962
	96262
	801 802 831 
863
	First63 Last63
	1963
	96363
	801 803 807 809 821 
864
	First64 Last64
	1964
	96464
	801 802 804 808 816 832 
865
	First65 Last65
	1965
	96565
	801 805 813 
866
	First66 Last66
	1966
	96666
	801 802 803 806 811 822 833 
867
	First67 Last67
	1967
	96767
	801 
868
	First68 Last68
	1968
	96868
	801 802 804 817 834 
869
	First69 Last69
	1969
	96969
	801 803 823 
870
	First70 Last70
	1970
	97070
	801 802 805 807 810 814 835 
871
	First71 Last71
	1971
	97171
	801 
872
	First72 Last72
	1972
	97272
	801 802 803 804 806 808 809 812 818 824 836 
873
	First73 Last73
	1973
	97373
	801 
874
	First74 Last74
	1974
	97474
	801 802 837 
875
	First75 Last75
	1975
	97575
	801 803 805 815 825 
876
	First76 Last76
	1976
	97676
	801 802 804 819 838 
877
	First77 Last77
	1977
	97777
	801 807 811 
878
	First78 Last78
	1978
	97878
	801 802 803 806 813 826 839 
879
	First79 Last79
	1979
	97979
	801 
880
	First80 Last80
	1980
	98080
	801 802 804 805 808 810 816 820 840 
881
	First81 Last81
	1981
	98181
	801 803 809 827 
882
	First82 Last82
	1982
	98282
	801 802 841 
883
	First83 Last83
	1983
	98383
	801 
884
	First84 Last84
	1984
	98484
	801 802 803 804 806 807 812 814 821 828 842 
885
	First85 Last85
	1985
	98585
	801 805 817 
886
	First86 Last86
	1986
	98686
	801 802 843 
887
	First87 Last87
	1987
	98787
	801 803 829 
888
	First88 Last88
	1988
	98888
	801 802 804 808 811 822 844 
889
	First89 Last89
	1989
	98989
	801 
890
	First90 Last90
	1990
	99090
	801 802 803 805 806 809 810 815 818 830 845 
891
	First91 Last91
	1991
	99191
	801 807 813 
892
	First92 Last92
	1992
	99292
	801 802 804 823 846 
893
	First93 Last93
	1993
	99393
	801 803 831 
894
	First94 Last94
	1994
	99494
	801 802 847 
895
	First95 Last95
	1995
	99595
	801 805 819 
896
	First96 Last96
	1996
	99696
	801 802 803 804 806 808 812 816 824 832 848 
897
	First97 Last97
	1997
	99797
	801 
898
	First98 Last98
	1998
	99898
	801 802 807 814 849 
899
	First99 Last99
	1999
	99999
	801 803 809 811 833 
900
	First0 Last0
	1900
	90000
	
901
	First1 Last1
	1901
	90101
	902 903 904 905 906 907 908 909 910 911 912 913 914 915 916 917 918 919 920 921 922 923 924 925 926 927 928 929 930 931 932 933 934 935 936 937 938 939 940 941 942 943 944 945 946 947 948 949 950 951 952 953 954 955 956 957 958 959 960 961 962 963 964 965 966 967 968 969 970 971 972 973 974 975 976 977 978 979 980 981 982 983 984 985 986 987 988 989 990 991 992 993 994 995 996 997 998 999 
902
	First2 Last2
	1902
	90202
	901 904 906 908 910 912 914 916 918 920 922 924 926 928 930 932 934 936 938 940 942 944 946 948 950 952 954 956 958 960 962 964 966 968 970 972 974 976 978 980 982 984 986 988 990 992 994 996 998 
903
	First3 Last3
	1903
	90303
	901 906 909 912 915 918 921 924 927 930 933 936 939 942 945 948 951 954 957 960 963 966 969 972 975 978 981 984 987 990 993 996 999 
904
	First4 Last4
	1904
	90404
	901 902 908 912 916 920 924 928 932 936 940 944 948 952 956 960 964 968 972 976 980 984 988 992 996 
905
	First5 Last5
	1905
	90505
	901 910 915 920 925 930 935 940 945 950 955 960 965 970 975 980 985 990 995 
906
	First6 Last6
	1906
	90606
	901 902 903 912 918 924 930 936 942 948 954 960 966 972 978 984 990 996 
907
	First7 Last7
	1907
	90707
	901 914 921 928 935 942 949 956 963 970 977 984 991 998 
908
	First8 Last8
	1908
	90808
	901 902 904 916 924 932 940 948 956 964 972 980 988 996 
909
	First9 Last9
	1909
	90909
	901 903 918 927 936 945 954 963 972 981 990 999 
910
	First10 Last10
	1910
	91010
	901 902 905 920 930 940 950 960 970 980 990 
911
	First11 Last11
	1911
	91111
	901 922 933 944 955 966 977 988 999 
912
	First12 Last12
	1912
	91212
	901 902 903 904 906 924 936 948 960 972 984 996 
913
	First13 Last13
	1913
	91313
	901 926 939 952 965 978 991 
914
	First14 Last14
	1914
	91414
	901 902 907 928 942 956 970 984 998 
915
	First15 Last15
	1915
	91515
	901 903 905 930 945 960 975 990 
916
	First16 Last16
	1916
	91616
	901 902 904 908 932 948 964 980 996 
917
	First17 Last17
	1917
	91717
	901 934 951 968 985 
918
	First18 Last18
	1918
	91818
	901 902 903 906 909 936 954 972 990 
919
	First19 Last19
	1919
	91919
	901 938 957 976 995 
920
	First20 Last20
	1920
	92020
	901 902 904 905 910 940 960 980 
921
	First21 Last21
	1921
	92121
	901 903 907 942 963 984 
922
	First22 Last22
	1922
	92222
	901 902 911 944 966 988 
923
	First23 Last23
	1923
	92323
	901 946 969 992 
924
	First24 Last24
	1924
	92424
	901 902 903 904 906 908 912 948 972 996 
925
	First25 Last25
	1925
	92525
	901 905 950 975 
926
	First26 Last26
	1926
	92626
	901 902 913 952 978 
927
	First27 Last27
	1927
	92727
	901 903 909 954 981 
928
	First28 Last28
	1928
	92828
	901 902 904 907 914 956 984 
929
	First29 Last29
	1929
	92929
	901 958 987 
930
	First30 Last30
	1930
	93030
	901 902 903 905 906 910 915 960 990 
931
	First31 Last31
	1931
	93131
	901 962 993 
932
	First32 Last32
	1932
	93232
	901 902 904 908 916 964 996 
933
	First33 Last33
	1933
	93333
	901 903 911 966 999 
934
	First34 Last34
	1934
	93434
	901 902 917 968 
935
	First35 Last35
	1935
	93535
	901 905 907 970 
936
	First36 Last36
	1936
	93636
	901 902 903 904 906 909 912 918 972 
937
	First37 Last37
	1937
	93737
	901 974 
938
	First38 Last38
	1938
	93838
	901 902 919 976 
939
	First39 Last39
	1939
	93939
	901 903 913 978 
940
	First40 Last40
	1940
	94040
	901 902 904 905 908 910 920 980 
941
	First41 Last41
	1941
	94141
	901 982 
942
	First42 Last42
	1942
	94242
	901 902 903 906 907 914 921 984 
943
	First43 Last43
	1943
	94343
	901 986 
944
	First44 Last44
	1944
	94444
	901 902 904 911 922 988 
945
	First45 Last45
	1945
	94545
	901 903 905 909 915 990 
946
	First46 Last46
	1946
	94646
	901 902 923 992 
947
	First47 Last47
	1947
	94747
	901 994 
948
	First48 Last48
	1948
	94848
	901 902 903 904 906 908 912 916 924 996 
949
	First49 Last49
	1949
	94949
	901 907 998 
950
	First50 Last50
	1950
	95050
	901 902 905 910 925 
951
	First51 Last51
	1951
	95151
	901 903 917 
952
	First52 Last52
	1952
	95252
	901 902 904 913 926 
953
	First53 Last53
	1953
	95353
	901 
954
	First54 Last54
	1954
	95454
	901 902 903 906 909 918 927 
955
	First55 Last55
	1955
	95555
	901 905 911 
956
	First56 Last56
	1956
	95656
	901 902 904 907 908 914 928 
957
	First57 Last57
	1957
	95757
	901 903 919 
958
	First58 Last58
	1958
	95858
	901 902 929 
959
	First59 Last59
	1959
	95959
	901 
960
	First60 Last60
	1960
	96060
	901 902 903 904 905 906 910 912 915 920 930 
961
	First61 Last61
	1961
	96161
	901 
962
	First62 Last62
	1962
	96262
	901 902 931 
963
	First63 Last63
	1963
	96363
	901 903 907 909 921 
964
	First64 Last64
	1964
	96464
	901 902 904 908 916 932 
965
	First65 Last65
	1965
	96565
	901 905 913 
966
	First66 Last66
	1966
	96666
	901 902 903 906 911 922 933 
967
	First67 Last67
	1967
	96767
	901 
968
	First68 Last68
	1968
	96868
	901 902 904 917 934 
969
	First69 Last69
	1969
	96969
	901 903 923 
970
	First70 Last70
	1970
	97070
	901 902 905 907 910 914 935 
971
	First71 Last71
	1971
	97171
	901 
972
	First72 Last72
	1972
	97272
	901 902 903 904 906 908 909 912 918 924 936 
973
	First73 Last73
	1973
	97373
	901 
974
	First74 Last74
	1974
	97474
	901 902 937 
975
	First75 Last75
	1975
	97575
	901 903 905 915 925 
976
	First76 Last76
	1976
	97676
	901 902 904 919 938 
977
	First77 Last77
	1977
	97777
	901 907 911 
978
	First78 Last78
	1978
	97878
	901 902 903 906 913 926 939 
979
	First79 Last79
	1979
	97979
	901 
980
	First80 Last80
	1980
	98080
	901 902 904 905 908 910 916 920 940 
981
	First81 Last81
	1981
	98181
	901 903 909 927 
982
	First82 Last82
	1982
	98282
	901 902 941 
983
	First83 Last83
	1983
	98383
	901 
984
	First84 Last84
	1984
	98484
	901 902 903 904 906 907 912 914 921 928 942 
985
	First85 Last85
	1985
	98585
	901 905 917 
986
	First86 Last86
	1986
	98686
	901 902 943 
987
	First87 Last87
	1987
	98787
	901 903 929 
988
	First88 Last88
	1988
	98888
	901 902 904 908 911 922 944 
989
	First89 Last89
	1989
	98989
	901 
990
	First90 Last90
	1990
	99090
	901 902 903 905 906 909 910 915 918 930 945 
991
	First91 Last91
	1991
	99191
	901 907 913 
992
	First92 Last92
	1992
	99292
	901 902 904 923 946 
993
	First93 Last93
	1993
	99393
	901 903 931 
994
	First94 Last94
	1994
	99494
	901 902 947 
995
	First95 Last95
	1995
	99595
	901 905 919 
996
	First96 Last96
	1996
	99696
	901 902 903 904 906 908 912 916 924 932 948 
997
	First97 Last97
	1997
	99797
	901 
998
	First98 Last98
	1998
	99898
	901 902 907 914 949 
999
	First99 Last99
	1999
	99999
	901 903 909 911 933 
1000
	First0 Last0
	1900
	90000
	
1001
	First1 Last1
	1901
	90101
	1002 1003 1004 1005 1006 1007 1008 1009 1010 1011 1012 1013 1014 1015 1016 1017 1018 1019 1020 1021 1022 1023 1024 1025 1026 1027 1028 1029 1030 1031 1032 1033 1034 1035 1036 1037 1038 1039 1040 1041 1042 1043 1044 1045 1046 1047 1048 1049 1050 1051 1052 1053 1054 1055 1056 1057 1058 1059 1060 1061 1062 1063 1064 1065 1066 1067 1068 1069 1070 1071 1072 1073 1074 1075 1076 1077 1078 1079 1080 1081 1082 1083 1084 1085 1086 1087 1088 1089 1090 1091 1092 1093 1094 1095 1096 1097 1098 1099 
1002
	First2 Last2
	1902
	90202
	1001 1004 1006 1008 1010 1012 1014 1016 1018 1020 1022 1024 1026 1028 1030 1032 1034 1036 1038 1040 1042 1044 1046 1048 1050 1052 1054 1056 1058 1060 1062 1064 1066 1068 1070 1072 1074 1076 1078 1080 1082 1084 1086 1088 1090 1092 1094 1096 1098 
1003
	First3 Last3
	1903
	90303
	1001 1006 1009 1012 1015 1018 1021 1024 1027 1030 1033 1036 1039 1042 1045 1048 1051 1054 1057 1060 1063 1066 1069 1072 1075 1078 1081 1084 1087 1090 1093 1096 1099 
1004
	First4 Last4
	1904
	90404
	1001 1002 1008 1012 1016 1020 1024 1028 1032 1036 1040 1044 1048 1052 1056 1060 1064 1068 1072 1076 1080 1084 1088 1092 1096 
1005
	First5 Last5
	1905
	90505
	1001 1010 1015 1020 1025 1030 1035 1040 1045 1050 1055 1060 1065 1070 1075 1080 1085 1090 1095 
1006
	First6 Last6
	1906
	90606
	1001 1002 1003 1012 1018 1024 1030 1036 1042 1048 1054 1060 1066 1072 1078 1084 1090 1096 
1007
	First7 Last7
	1907
	90707
	1001 1014 1021 1028 1035 1042 1049 1056 1063 1070 1077 1084 1091 1098 
1008
	First8 Last8
	1908
	90808
	1001 1002 1004 1016 1024 1032 1040 1048 1056 1064 1072 1080 1088 1096 
1009
	First9 Last9
	1909
	90909
	1001 1003 1018 1027 1036 1045 1054 1063 1072 1081 1090 1099 
1010
	First10 Last10
	1910
	91010
	1001 1002 1005 1020 1030 1040 1050 1060 1070 1080 1090 
1011
	First11 Last11
	1911
	91111
	1001 1022 1033 1044 1055 1066 1077 1088 1099 
1012
	First12 Last12
	1912
	91212
	1001 1002 1003 1004 1006 1024 1036 1048 1060 1072 1084 1096 
1013
	First13 Last13
	1913
	91313
	1001 1026 1039 1052 1065 1078 1091 
1014
	First14 Last14
	1914
	91414
	1001 1002 1007 1028 1042 1056 1070 1084 1098 
1015
	First15 Last15
	1915
	91515
	1001 1003 1005 1030 1045 1060 1075 1090 
1016
	First16 Last16
	1916
	91616
	1001 1002 1004 1008 1032 1048 1064 1080 1096 
1017
	First17 Last17
	1917
	91717
	1001 1034 1051 1068 1085 
1018
	First18 Last18
	1918
	91818
	1001 1002 1003 1006 1009 1036 1054 1072 1090 
1019
	First19 Last19
	1919
	91919
	1001 1038 1057 1076 1095 
1020
	First20 Last20
	1920
	92020
	1001 1002 1004 1005 1010 1040 1060 1080 
1021
	First21 Last21
	1921
	92121
	1001 1003 1007 1042 1063 1084 
1022
	First22 Last22
	1922
	92222
	1001 1002 1011 1044 1066 1088 
1023
	First23 Last23
	1923
	92323
	1001 1046 1069 1092 
1024
	First24 Last24
	1924
	92424
	1001 1002 1003 1004 1006 1008 1012 1048 1072 1096 
1025
	First25 Last25
	1925
	92525
	1001 1005 1050 1075 
1026
	First26 Last26
	1926
	92626
	1001 1002 1013 1052 1078 
1027
	First27 Last27
	1927
	92727
	1001 1003 1009 1054 1081 
1028
	First28 Last28
	1928
	92828
	1001 1002 1004 1007 1014 1056 1084 
1029
	First29 Last29
	1929
	92929
	1001 1058 1087 
1030
	First30 Last30
	1930
	93030
	1001 1002 1003 1005 1006 1010 1015 1060 1090 
1031
	First31 Last31
	1931
	93131
	1001 1062 1093 
1032
	First32 Last32
	1932
	93232
	1001 1002 1004 1008 1016 1064 1096 
1033
	First33 Last33
	1933
	93333
	1001 1003 1011 1066 1099 
1034
	First34 Last34
	1934
	93434
	1001 1002 1017 1068 
1035
	First35 Last35
	1935
	93535
	1001 1005 1007 1070 
1036
	First36 Last36
	1936
	93636
	1001 1002 1003 1004 1006 1009 1012 1018 1072 
1037
	First37 Last37
	1937
	93737
	1001 1074 
1038
	First38 Last38
	1938
	93838
	1001 1002 1019 1076 
1039
	First39 Last39
	1939
	93939
	1001 1003 1013 1078 
1040
	First40 Last40
	1940
	94040
	1001 1002 1004 1005 1008 1010 1020 1080 
1041
	First41 Last41
	1941
	94141
	1001 1082 
1042
	First42 Last42
	1942
	94242
	1001 1002 1003 1006 1007 1014 1021 1084 
1043
	First43 Last43
	1943
	94343
	1001 1086 
1044
	First44 Last44
	1944
	94444
	1001 1002 1004 1011 1022 1088 
1045
	First45 Last45
	1945
	94545
	1001 1003 1005 1009 1015 1090 
1046
	First46 Last46
	1946
	94646
	1001 1002 1023 1092 
1047
	First47 Last47
	1947
	94747
	1001 1094 
1048
	First48 Last48
	1948
	94848
	1001 1002 1003 1004 1006 1008 1012 1016 1024 1096 
1049
	First49 Last49
	1949
	94949
	1001 1007 1098 
1050
	First50 Last50
	1950
	95050
	1001 1002 1005 1010 1025 
1051
	First51 Last51
	1951
	95151
	1001 1003 1017 
1052
	First52 Last52
	1952
	95252
	1001 1002 1004 1013 1026 
1053
	First53 Last53
	1953
	95353
	1001 
1054
	First54 Last54
	1954
	95454
	1001 1002 1003 1006 1009 1018 1027 
1055
	First55 Last55
	1955
	95555
	1001 1005 1011 
1056
	First56 Last56
	1956
	95656
	1001 1002 1004 1007 1008 1014 1028 
1057
	First57 Last57
	1957
	95757
	1001 1003 1019 
1058
	First58 Last58
	1958
	95858
	1001 1002 1029 
1059
	First59 Last59
	1959
	95959
	1001 
1060
	First60 Last60
	1960
	96060
	1001 1002 1003 1004 1005 1006 1010 1012 1015 1020 1030 
1061
	First61 Last61
	1961
	96161
	1001 
1062
	First62 Last62
	1962
	96262
	1001 1002 1031 
1063
	First63 Last63
	1963
	96363
	1001 1003 1007 1009 1021 
1064
	First64 Last64
	1964
	96464
	1001 1002 1004 1008 1016 1032 
1065
	First65 Last65
	1965
	96565
	1001 1005 1013 
1066
	First66 Last66
	1966
	96666
	1001 1002 1003 1006 1011 1022 1033 
1067
	First67 Last67
	1967
	96767
	1001 
1068
	First68 Last68
	1968
	96868
	1001 1002 1004 1017 1034 
1069
	First69 Last69
	1969
	96969
	1001 1003 1023 
1070
	First70 Last70
	1970
	97070
	1001 1002 1005 1007 1010 1014 1035 
1071
	First71 Last71
	1971
	97171
	1001 
1072
	First72 Last72
	1972
	97272
	1001 1002 1003 1004 1006 1008 1009 1012 1018 1024 1036 
1073
	First73 Last73
	1973
	97373
	1001 
1074
	First74 Last74
	1974
	97474
	1001 1002 1037 
1075
	First75 Last75
	1975
	97575
	1001 1003 1005 1015 1025 
1076
	First76 Last76
	1976
	97676
	1001 1002 1004 1019 1038 
1077
	First77 Last77
	1977
	97777
	1001 1007 1011 
1078
	First78 Last78
	1978
	97878
	1001 1002 1003 1006 1013 1026 1039 
1079
	First79 Last79
	1979
	97979
	1001 
1080
	First80 Last80
	1980
	98080
	1001 1002 1004 1005 1008 1010 1016 1020 1040 
1081
	First81 Last81
	1981
	98181
	1001 1003 1009 1027 
1082
	First82 Last82
	1982
	98282
	1001 1002 1041 
1083
	First83 Last83
	1983
	98383
	1001 
1084
	First84 Last84
	1984
	98484
	1001 1002 1003 1004 1006 1007 1012 1014 1021 1028 1042 
1085
	First85 Last85
	1985
	98585
	1001 1005 1017 
1086
	First86 Last86
	1986
	98686
	1001 1002 1043 
1087
	First87 Last87
	1987
	98787
	1001 1003 1029 
1088
	First88 Last88
	1988
	98888
	1001 1002 1004 1008 1011 1022 1044 
1089
	First89 Last89
	1989
	98989
	1001 
1090
	First90 Last90
	1990
	99090
	1001 1002 1003 1005 1006 1009 1010 1015 1018 1030 1045 
1091
	First91 Last91
	1991
	99191
	1001 1007 1013 
1092
	First92 Last92
	1992
	99292
	1001 1002 1004 1023 1046 
1093
	First93 Last93
	1993
	99393
	1001 1003 1031 
1094
	First94 Last94
	1994
	99494
	1001 1002 1047 
1095
	First95 Last95
	1995
	99595
	1001 1005 1019 
1096
	First96 Last96
	1996
	99696
	1001 1002 1003 1004 1006 1008 1012 1016 1024 1032 1048 
1097
	First97 Last97
	1997
	99797
	1001 
1098
	First98 Last98
	1998
	99898
	1001 1002 1007 1014 1049 
1099
	First99 Last99
	1999
	99999
	1001 1003 1009 1011 1033 
1100
	First0 Last0
	1900
	90000
	
1101
	First1 Last1
	1901
	90101
	1102 1103 1104 1105 1106 1107 1108 1109 1110 1111 1112 1113 1114 1115 1116 1117 1118 1119 1120 1121 1122 1123 1124 1125 1126 1127 1128 1129 1130 1131 1132 1133 1134 1135 1136 1137 1138 1139 1140 1141 1142 1143 1144 1145 1146 1147 1148 1149 1150 1151 1152 1153 1154 1155 1156 1157 1158 1159 1160 1161 1162 1163 1164 1165 1166 1167 1168 1169 1170 1171 1172 1173 1174 1175 1176 1177 1178 1179 1180 1181 1182 1183 1184 1185 1186 1187 1188 1189 1190 1191 1192 1193 1194 1195 1196 1197 1198 1199 
1102
	First2 Last2
	1902
	90202
	1101 1104 1106 1108 1110 1112 1114 1116 1118 1120 1122 1124 1126 1128 1130 1132 1134 1136 1138 1140 1142 1144 1146 1148 1150 1152 1154 1156 1158 1160 1162 1164 1166 1168 1170 1172 1174 1176 1178 1180 1182 1184 1186 1188 1190 1192 1194 1196 1198 
1103
	First3 Last3
	1903
	90303
	1101 1106 1109 1112 1115 1118 1121 1124 1127 1130 1133 1136 1139 1142 1145 1148 1151 1154 1157 1160 1163 1166 1169 1172 1175 1178 1181 1184 1187 1190 1193 1196 1199 
1104
	First4 Last4
	1904
	90404
	1101 1102 1108 1112 1116 1120 1124 1128 1132 1136 1140 1144 1148 1152 1156 1160 1164 1168 1172 1176 1180 1184 1188 1192 1196 
1105
	First5 Last5
	1905
	90505
	1101 1110 1115 1120 1125 1130 1135 1140 1145 1150 1155 1160 1165 1170 1175 1180 1185 1190 1195 
1106
	First6 Last6
	1906
	90606
	1101 1102 1103 1112 1118 1124 1130 1136 1142 1148 1154 1160 1166 1172 1178 1184 1190 1196 
1107
	First7 Last7
	1907
	90707
	1101 1114 1121 1128 1135 1142 1149 1156 1163 1170 1177 1184 1191 1198 
1108
	First8 Last8
	1908
	90808
	1101 1102 1104 1116 1124 1132 1140 1148 1156 1164 1172 1180 1188 1196 
1109
	First9 Last9
	1909
	90909
	1101 1103 1118 1127 1136 1145 1154 1163 1172 1181 1190 1199 
1110
	First10 Last10
	1910
	91010
	1101 1102 1105 1120 1130 1140 1150 1160 1170 1180 1190 
1111
	First11 Last11
	1911
	91111
	1101 1122 1133 1144 1155 1166 1177 1188 1199 
1112
	First12 Last12
	1912
	91212
	1101 1102 1103 1104 1106 1124 1136 1148 1160 1172 1184 1196 
1113
	First13 Last13
	1913
	91313
	1101 1126 1139 1152 1165 1178 1191 
1114
	First14 Last14
	1914
	91414
	1101 1102 1107 1128 1142 1156 1170 1184 1198 
1115
	First15 Last15
	1915
	91515
	1101 1103 1105 1130 1145 1160 1175 1190 
1116
	First16 Last16
	1916
	91616
	1101 1102 1104 1108 1132 1148 1164 1180 1196 
1117
	First17 Last17
	1917
	91717
	1101 1134 1151 1168 1185 
1118
	First18 Last18
	1918
	91818
	1101 1102 1103 1106 1109 1136 1154 1172 1190 
1119
	First19 Last19
	1919
	91919
	1101 1138 1157 1176 1195 
1120
	First20 Last20
	1920
	92020
	1101 1102 1104 1105 1110 1140 1160 1180 
1121
	First21 Last21
	1921
	92121
	1101 1103 1107 1142 1163 1184 
1122
	First22 Last22
	1922
	92222
	1101 1102 1111 1144 1166 1188 
1123
	First23 Last23
	1923
	92323
	1101 1146 1169 1192 
1124
	First24 Last24
	1924
	92424
	1101 1102 1103 1104 1106 1108 1112 1148 1172 1196 
1125
	First25 Last25
	1925
	92525
	1101 1105 1150 1175 
1126
	First26 Last26
	1926
	92626
	1101 1102 1113 1152 1178 
1127
	First27 Last27
	1927
	92727
	1101 1103 1109 1154 1181 
1128
	First28 Last28
	1928
	92828
	1101 1102 1104 1107 1114 1156 1184 
1129
	First29 Last29
	1929
	92929
	1101 1158 1187 
1130
	First30 Last30
	1930
	93030
	1101 1102 1103 1105 1106 1110 1115 1160 1190 
1131
	First31 Last31
	1931
	93131
	1101 1162 1193 
1132
	First32 Last32
	1932
	93232
	1101 1102 1104 1108 1116 1164 1196 
1133
	First33 Last33
	1933
	93333
	1101 1103 1111 1166 1199 
1134
	First34 Last34
	1934
	93434
	1101 1102 1117 1168 
1135
	First35 Last35
	1935
	93535
	1101 1105 1107 1170 
1136
	First36 Last36
	1936
	93636
	1101 1102 1103 1104 1106 1109 1112 1118 1172 
1137
	First37 Last37
	1937
	93737
	1101 1174 
1138
	First38 Last38
	1938
	93838
	1101 1102 1119 1176 
1139
	First39 Last39
	1939
	93939
	1101 1103 1113 1178 
1140
	First40 Last40
	1940
	94040
	1101 1102 1104 1105 1108 1110 1120 1180 
1141
	First41 Last41
	1941
	94141
	1101 1182 
1142
	First42 Last42
	1942
	94242
	1101 1102 1103 1106 1107 1114 1121 1184 
1143
	First43 Last43
	1943
	94343
	1101 1186 
1144
	First44 Last44
	1944
	94444
	1101 1102 1104 1111 1122 1188 
1145
	First45 Last45
	1945
	94545
	1101 1103 1105 1109 1115 1190 
1146
	First46 Last46
	1946
	94646
	1101 1102 1123 1192 
1147
	First47 Last47
	1947
	94747
	1101 1194 
1148
	First48 Last48
	1948
	94848
	1101 1102 1103 1104 1106 1108 1112 1116 1124 1196 
1149
	First49 Last49
	1949
	94949
	1101 1107 1198 
1150
	First50 Last50
	1950
	95050
	1101 1102 1105 1110 1125 
1151
	First51 Last51
	1951
	95151
	1101 1103 1117 
1152
	First52 Last52
	1952
	95252
	1101 1102 1104 1113 1126 
1153
	First53 Last53
	1953
	95353
	1101 
1154
	First54 Last54
	1954
	95454
	1101 1102 1103 1106 1109 1118 1127 
1155
	First55 Last55
	1955
	95555
	1101 1105 1111 
1156
	First56 Last56
	1956
	95656
	1101 1102 1104 1107 1108 1114 1128 
1157
	First57 Last57
	1957
	95757
	1101 1103 1119 
1158
	First58 Last58
	1958
	95858
	1101 1102 1129 
1159
	First59 Last59
	1959
	95959
	1101 
1160
	First60 Last60
	1960
	96060
	1101 1102 1103 1104 1105 1106 1110 1112 1115 1120 1130 
1161
	First61 Last61
	1961
	96161
	1101 
1162
	First62 Last62
	1962
	96262
	1101 1102 1131 
1163
	First63 Last63
	1963
	96363
	1101 1103 1107 1109 1121 
1164
	First64 Last64
	1964
	96464
	1101 1102 1104 1108 1116 1132 
1165
	First65 Last65
	1965
	96565
	1101 1105 1113 
1166
	First66 Last66
	1966
	96666
	1101 1102 1103 1106 1111 1122 1133 
1167
	First67 Last67
	1967
	96767
	1101 
1168
	First68 Last68
	1968
	96868
	1101 1102 1104 1117 1134 
1169
	First69 Last69
	1969
	96969
	1101 1103 1123 
1170
	First70 Last70
	1970
	97070
	1101 1102 1105 1107 1110 1114 1135 
1171
	First71 Last71
	1971
	97171
	1101 
1172
	First72 Last72
	1972
	97272
	1101 1102 1103 1104 1106 1108 1109 1112 1118 1124 1136 
1173
	First73 Last73
	1973
	97373
	1101 
1174
	First74 Last74
	1974
	97474
	1101 1102 1137 
1175
	First75 Last75
	1975
	97575
	1101 1103 1105 1115 1125 
1176
	First76 Last76
	1976
	97676
	1101 1102 1104 1119 1138 
1177
	First77 Last77
	1977
	97777
	1101 1107 1111 
1178
	First78 Last78
	1978
	97878
	1101 1102 1103 1106 1113 1126 1139 
1179
	First79 Last79
	1979
	97979
	1101 
1180
	First80 Last80
	1980
	98080
	1101 1102 1104 1105 1108 1110 1116 1120 1140 
1181
	First81 Last81
	1981
	98181
	1101 1103 1109 1127 
1182
	First82 Last82
	1982
	98282
	1101 1102 1141 
1183
	First83 Last83
	1983
	98383
	1101 
1184
	First84 Last84
	1984
	98484
	1101 1102 1103 1104 1106 1107 1112 1114 1121 1128 1142 
1185
	First85 Last85
	1985
	98585
	1101 1105 1117 
1186
	First86 Last86
	1986
	98686
	1101 1102 1143 
1187
	First87 Last87
	1987
	98787
	1101 1103 1129 
1188
	First88 Last88
	1988
	98888
	1101 1102 1104 1108 1111 1122 1144 
1189
	First89 Last89
	1989
	98989
	1101 
1190
	First90 Last90
	1990
	99090
	1101 1102 1103 1105 1106 1109 1110 1115 1118 1130 1145 
1191
	First91 Last91
	1991
	99191
	1101 1107 1113 
1192
	First92 Last92
	1992
	99292
	1101 1102 1104 1123 1146 
1193
	First93 Last93
	1993
	99393
	1101 1103 1131 
1194
	First94 Last94
	1994
	99494
	1101 1102 1147 
1195
	First95 Last95
	1995
	99595
	1101 1105 1119 
1196
	First96 Last96
	1996
	99696
	1101 1102 1103 1104 1106 1108 1112 1116 1124 1132 1148 
1197
	First97 Last97
	1997
	99797
	1101 
1198
	First98 Last98
	1998
	99898
	1101 1102 1107 1114 1149 
1199
	First99 Last99
	1999
	99999
	1101 1103 1109 1111 1133 
1200
	First0 Last0
	1900
	90000
	
1201
	First1 Last1
	1901
	90101
	1202 1203 1204 1205 1206 1207 1208 1209 1210 1211 1212 1213 1214 1215 1216 1217 1218 1219 1220 1221 1222 1223 1224 1225 1226 1227 1228 1229 1230 1231 1232 1233 1234 1235 1236 1237 1238 1239 1240 1241 1242 1243 1244 1245 1246 1247 1248 1249 1250 1251 1252 1253 1254 1255 1256 1257 1258 1259 1260 1261 1262 1263 1264 1265 1266 1267 1268 1269 1270 1271 1272 1273 1274 1275 1276 1277 1278 1279 1280 1281 1282 1283 1284 1285 1286 1287 1288 1289 1290 1291 1292 1293 1294 1295 1296 1297 1298 1299 
1202
	First2 Last2
	1902
	90202
	1201 1204 1206 1208 1210 1212 1214 1216 1218 1220 1222 1224 1226 1228 1230 1232 1234 1236 1238 1240 1242 1244 1246 1248 1250 1252 1254 1256 1258 1260 1262 1264 1266 1268 1270 1272 1274 1276 1278 1280 1282 1284 1286 1288 1290 1292 1294 1296 1298 
1203
	First3 Last3
	1903
	90303
	1201 1206 1209 1212 1215 1218 1221 1224 1227 1230 1233 1236 1239 1242 1245 1248 1251 1254 1257 1260 1263 1266 1269 1272 1275 1278 1281 1284 1287 1290 1293 1296 1299 
1204
	First4 Last4
	1904
	90404
	1201 1202 1208 1212 1216 1220 1224 1228 1232 1236 1240 1244 1248 1252 1256 1260 1264 1268 1272 1276 1280 1284 1288 1292 1296 
1205
	First5 Last5
	1905
	90505
	1201 1210 1215 1220 1225 1230 1235 1240 1245 1250 1255 1260 1265 1270 1275 1280 1285 1290 1295 
1206
	First6 Last6
	1906
	90606
	1201 1202 1203 1212 1218 1224 1230 1236 1242 1248 1254 1260 1266 1272 1278 1284 1290 1296 
1207
	First7 Last7
	1907
	90707
	1201 1214 1221 1228 1235 1242 1249 1256 1263 1270 1277 1284 1291 1298 
1208
	First8 Last8
	1908
	90808
	1201 1202 1204 1216 1224 1232 1240 1248 1256 1264 1272 1280 1288 1296 
1209
	First9 Last9
	1909
	90909
	1201 1203 1218 1227 1236 1245 1254 1263 1272 1281 1290 1299 
1210
	First10 Last10
	1910
	91010
	1201 1202 1205 1220 1230 1240 1250 1260 1270 1280 1290 
1211
	First11 Last11
	1911
	91111
	1201 1222 1233 1244 1255 1266 1277 1288 1299 
1212
	First12 Last12
	1912
	91212
	1201 1202 1203 1204 1206 1224 1236 1248 1260 1272 1284 1296 
1213
	First13 Last13
	1913
	91313
	1201 1226 1239 1252 1265 1278 1291 
1214
	First14 Last14
	1914
	91414
	1201 1202 1207 1228 1242 1256 1270 1284 1298 
1215
	First15 Last15
	1915
	91515
	1201 1203 1205 1230 1245 1260 1275 1290 
1216
	First16 Last16
	1916
	91616
	1201 1202 1204 1208 1232 1248 1264 1280 1296 
1217
	First17 Last17
	1917
	91717
	1201 1234 1251 1268 1285 
1218
	First18 Last18
	1918
	91818
	1201 1202 1203 1206 1209 1236 1254 1272 1290 
1219
	First19 Last19
	1919
	91919
	1201 1238 1257 1276 1295 
1220
	First20 Last20
	1920
	92020
	1201 1202 1204 1205 1210 1240 1260 1280 
1221
	First21 Last21
	1921
	92121
	1201 1203 1207 1242 1263 1284 
1222
	First22 Last22
	1922
	92222
	1201 1202 1211 1244 1266 1288 
1223
	First23 Last23
	1923
	92323
	1201 1246 1269 1292 
1224
	First24 Last24
	1924
	92424
	1201 1202 1203 1204 1206 1208 1212 1248 1272 1296 
1225
	First25 Last25
	1925
	92525
	1201 1205 1250 1275 
1226
	First26 Last26
	1926
	92626
	1201 1202 1213 1252 1278 
1227
	First27 Last27
	1927
	92727
	1201 1203 1209 1254 1281 
1228
	First28 Last28
	1928
	92828
	1201 1202 1204 1207 1214 1256 1284 
1229
	First29 Last29
	1929
	92929
	1201 1258 1287 
1230
	First30 Last30
	1930
	93030
	1201 1202 1203 1205 1206 1210 1215 1260 1290 
1231
	First31 Last31
	1931
	93131
	1201 1262 1293 
1232
	First32 Last32
	1932
	93232
	1201 1202 1204 1208 1216 1264 1296 
1233
	First33 Last33
	1933
	93333
	1201 1203 1211 1266 1299 
1234
	First34 Last34
	1934
	93434
	1201 1202 1217 1268 
1235
	First35 Last35
	1935
	93535
	1201 1205 1207 1270 
1236
	First36 Last36
	1936
	93636
	1201 1202 1203 1204 1206 1209 1212 1218 1272 
1237
	First37 Last37
	1937
	93737
	1201 1274 
1238
	First38 Last38
	1938
	93838
	1201 1202 1219 1276 
1239
	First39 Last39
	1939
	93939
	1201 1203 1213 1278 
1240
	First40 Last40
	1940
	94040
	1201 1202 1204 1205 1208 1210 1220 1280 
1241
	First41 Last41
	1941
	94141
	1201 1282 
1242
	First42 Last42
	1942
	94242
	1201 1202 1203 1206 1207 1214 1221 1284 
1243
	First43 Last43
	1943
	94343
	1201 1286 
1244
	First44 Last44
	1944
	94444
	1201 1202 1204 1211 1222 1288 
1245
	First45 Last45
	1945
	94545
	1201 1203 1205 1209 1215 1290 
1246
	First46 Last46
	1946
	94646
	1201 1202 1223 1292 
1247
	First47 Last47
	1947
	94747
	1201 1294 
1248
	First48 Last48
	1948
	94848
	1201 1202 1203 1204 1206 1208 1212 1216 1224 1296 
1249
	First49 Last49
	1949
	94949
	1201 1207 1298 
1250
	First50 Last50
	1950
	95050
	1201 1202 1205 1210 1225 
1251
	First51 Last51
	1951
	95151
	1201 1203 1217 
1252
	First52 Last52
	1952
	95252
	1201 1202 1204 1213 1226 
1253
	First53 Last53
	1953
	95353
	1201 
1254
	First54 Last54
	1954
	95454
	1201 1202 1203 1206 1209 1218 1227 
1255
	First55 Last55
	1955
	95555
	1201 1205 1211 
1256
	First56 Last56
	1956
	95656
	1201 1202 1204 1207 1208 1214 1228 
1257
	First57 Last57
	1957
	95757
	1201 1203 1219 
1258
	First58 Last58
	1958
	95858
	1201 1202 1229 
1259
	First59 Last59
	1959
	95959
	1201 
1260
	First60 Last60
	1960
	96060
	1201 1202 1203 1204 1205 1206 1210 1212 1215 1220 1230 
1261
	First61 Last61
	1961
	96161
	1201 
1262
	First62 Last62
	1962
	96262
	1201 1202 1231 
1263
	First63 Last63
	1963
	96363
	1201 1203 1207 1209 1221 
1264
	First64 Last64
	1964
	96464
	1201 1202 1204 1208 1216 1232 
1265
	First65 Last65
	1965
	96565
	1201 1205 1213 
1266
	First66 Last66
	1966
	96666
	1201 1202 1203 1206 1211 1222 1233 
1267
	First67 Last67
	1967
	96767
	1201 
1268
	First68 Last68
	1968
	96868
	1201 1202 1204 1217 1234 
1269
	First69 Last69
	1969
	96969
	1201 1203 1223 
1270
	First70 Last70
	1970
	97070
	1201 1202 1205 1207 1210 1214 1235 
1271
	First71 Last71
	1971
	97171
	1201 
1272
	First72 Last72
	1972
	97272
	1201 1202 1203 1204 1206 1208 1209 1212 1218 1224 1236 
1273
	First73 Last73
	1973
	97373
	1201 
1274
	First74 Last74
	1974
	97474
	1201 1202 1237 
1275
	First75 Last75
	1975
	97575
	1201 1203 1205 1215 1225 
1276
	First76 Last76
	1976
	97676
	1201 1202 1204 1219 1238 
1277
	First77 Last77
	1977
	97777
	1201 1207 1211 
1278
	First78 Last78
	1978
	97878
	1201 1202 1203 1206 1213 1226 1239 
1279
	First79 Last79
	1979
	97979
	1201 
1280
	First80 Last80
	1980
	98080
	1201 1202 1204 1205 1208 1210 1216 1220 1240 
1281
	First81 Last81
	1981
	98181
	1201 1203 1209 1227 
1282
	First82 Last82
	1982
	98282
	1201 1202 1241 
1283
	First83 Last83
	1983
	98383
	1201 
1284
	First84 Last84
	1984
	98484
	1201 1202 1203 1204 1206 1207 1212 1214 1221 1228 1242 
1285
	First85 Last85
	1985
	98585
	1201 1205 1217 
1286
	First86 Last86
	1986
	98686
	1201 1202 1243 
1287
	First87 Last87
	1987
	98787
	1201 1203 1229 
1288
	First88 Last88
	1988
	98888
	1201 1202 1204 1208 1211 1222 1244 
1289
	First89 Last89
	1989
	98989
	1201 
1290
	First90 Last90
	1990
	99090
	1201 1202 1203 1205 1206 1209 1210 1215 1218 1230 1245 
1291
	First91 Last91
	1991
	99191
	1201 1207 1213 
1292
	First92 Last92
	1992
	99292
	1201 1202 1204 1223 1246 
1293
	First93 Last93
	1993
	99393
	1201 1203 1231 
1294
	First94 Last94
	1994
	99494
	1201 1202 1247 
1295
	First95 Last95
	1995
	99595
	1201 1205 1219 
1296
	First96 Last96
	1996
	99696
	1201 1202 1203 1204 1206 1208 1212 1216 1224 1232 1248 
1297
	First97 Last97
	1997
	99797
	1201 
1298
	First98 Last98
	1998
	99898
	1201 1202 1207 1214 1249 
1299
	First99 Last99
	1999
	99999
	1201 1203 1209 1211 1233 
